---------- Date: 2013-12-02 00:06:50 ~ IP : 110.171.251.35 ----------
REQUEST URI : /admin/index.php?route=setting/setting&amp;token=353056074eecbb5afae117efb43b60ec
MOD DETAILS:
   modFile   : /var/www/thelovestore/data/www/thelovestore.ru/vqmod/xml/ML_seo_keywords.xml
   id        : Multi Language SEO Keywords
   version   : 1.0.0
   vqmver    : 2.1.5
   author    : ovife21

File Name    : admin/view/template/setting/setting.tpl(0)
VQModObject::applyMod - SEARCH NOT FOUND (ABORTING MOD): <input type="text" name="config_title" value="<?php echo $config_title; ?>" id="input-title" class="form-control input-sm" />" />

MOD DETAILS:
   modFile   : /var/www/thelovestore/data/www/thelovestore.ru/vqmod/xml/store_keyword.xml
   id        : Store - Meta Keywords
   version   : 1.0
   vqmver    : 1.1.0
   author    : ovife21

File Name    : admin/view/template/setting/setting.tpl(0)
VQModObject::applyMod - SEARCH NOT FOUND (ABORTING MOD): <td><?php echo $entry_meta_description; ?></td>

----------------------------------------------------------------------


---------- Date: 2013-12-02 00:13:47 ~ IP : 110.171.251.35 ----------
REQUEST URI : /admin/index.php?route=setting/setting&amp;token=353056074eecbb5afae117efb43b60ec
MOD DETAILS:
   modFile   : /var/www/thelovestore/data/www/thelovestore.ru/vqmod/xml/ML_seo_keywords.xml
   id        : Multi Language SEO Keywords
   version   : 1.0.0
   vqmver    : 2.1.5
   author    : ovife21

File Name    : admin/view/template/setting/setting.tpl(0)
VQModObject::applyMod - SEARCH NOT FOUND (ABORTING MOD): <input type="text" name="config_title" value="<?php echo $config_title; ?>" id="input-title" class="form-control input-sm" />" />

MOD DETAILS:
   modFile   : /var/www/thelovestore/data/www/thelovestore.ru/vqmod/xml/store_keyword.xml
   id        : Store - Meta Keywords
   version   : 1.0
   vqmver    : 1.1.0
   author    : ovife21

File Name    : admin/view/template/setting/setting.tpl(0)
VQModObject::applyMod - SEARCH NOT FOUND (ABORTING MOD): <td><?php echo $entry_meta_description; ?></td>

----------------------------------------------------------------------


---------- Date: 2013-12-02 00:14:02 ~ IP : 110.171.251.35 ----------
REQUEST URI : /admin/index.php?route=setting/setting&amp;token=353056074eecbb5afae117efb43b60ec
MOD DETAILS:
   modFile   : /var/www/thelovestore/data/www/thelovestore.ru/vqmod/xml/SEOEDITOR.xml
   id        : SEO Editor
   version   : 1.0.0
   vqmver    : 2.1.5
   author    : ovife21

File Name    : admin/view/template/common/header.tpl(0)
VQModObject::applyMod - SEARCH NOT FOUND (ABORTING MOD): <script type="text/javascript" src="view/javascript/jquery/jquery
MOD DETAILS:
   modFile   : /var/www/thelovestore/data/www/thelovestore.ru/vqmod/xml/admin_notification.xml
   id        : Admin Panel Notication
   version   : 1.0
   vqmver    : 1.0.8
   author    : Patrick - CakeDeliver.com

File Name    : admin/view/template/common/header.tpl(1)
VQModObject::applyMod - SEARCH NOT FOUND (ABORTING MOD): <li id="store"><a class="top" href="<?php echo $logout; ?>"><?php echo $text_logout; ?></a></li>

MOD DETAILS:
   modFile   : /var/www/thelovestore/data/www/thelovestore.ru/vqmod/xml/ML_seo_keywords.xml
   id        : Multi Language SEO Keywords
   version   : 1.0.0
   vqmver    : 2.1.5
   author    : ovife21

File Name    : admin/view/template/setting/setting.tpl(0)
VQModObject::applyMod - SEARCH NOT FOUND (ABORTING MOD): <input type="text" name="config_title" value="<?php echo $config_title; ?>" id="input-title" class="form-control input-sm" />" />

MOD DETAILS:
   modFile   : /var/www/thelovestore/data/www/thelovestore.ru/vqmod/xml/store_keyword.xml
   id        : Store - Meta Keywords
   version   : 1.0
   vqmver    : 1.1.0
   author    : ovife21

File Name    : admin/view/template/setting/setting.tpl(0)
VQModObject::applyMod - SEARCH NOT FOUND (ABORTING MOD): <td><?php echo $entry_meta_description; ?></td>

----------------------------------------------------------------------


---------- Date: 2013-12-02 00:15:09 ~ IP : 110.171.251.35 ----------
REQUEST URI : /admin/index.php?route=setting/setting&amp;token=353056074eecbb5afae117efb43b60ec
MOD DETAILS:
   modFile   : /var/www/thelovestore/data/www/thelovestore.ru/vqmod/xml/ML_seo_keywords.xml
   id        : Multi Language SEO Keywords
   version   : 1.0.0
   vqmver    : 2.1.5
   author    : ovife21

File Name    : admin/view/template/setting/setting.tpl(0)
VQModObject::applyMod - SEARCH NOT FOUND (ABORTING MOD): <input type="text" name="config_title" value="<?php echo $config_title; ?>" id="input-title" class="form-control input-sm" />" />

MOD DETAILS:
   modFile   : /var/www/thelovestore/data/www/thelovestore.ru/vqmod/xml/store_keyword.xml
   id        : Store - Meta Keywords
   version   : 1.0
   vqmver    : 1.1.0
   author    : ovife21

File Name    : admin/view/template/setting/setting.tpl(0)
VQModObject::applyMod - SEARCH NOT FOUND (ABORTING MOD): <td><?php echo $entry_meta_description; ?></td>

----------------------------------------------------------------------


---------- Date: 2013-12-02 17:42:02 ~ IP : 110.171.251.35 ----------
REQUEST URI : /admin/index.php?route=catalog/seopack&amp;token=644390593aa68756a3fb008003c597d7
MOD DETAILS:
   modFile   : /var/www/thelovestore/data/www/thelovestore.ru/vqmod/xml/custom_title.xml
   id        : Custom titles
   version   : 1.0.0
   vqmver    : 2.1.5
   author    : ovife21

File Name    : admin/view/template/catalog/seopack.tpl(0)
VQModObject::applyMod - SEARCH NOT FOUND (ABORTING MOD): <p><a onclick="clearseo('Products Tags', '<?php echo $cleartags; ?>');" class="button" style="background:red">Clear Tags</a></p>

----------------------------------------------------------------------


---------- Date: 2013-12-02 17:45:53 ~ IP : 110.171.251.35 ----------
REQUEST URI : /admin/index.php?route=setting/setting&amp;token=644390593aa68756a3fb008003c597d7
MOD DETAILS:
   modFile   : /var/www/thelovestore/data/www/thelovestore.ru/vqmod/xml/ML_seo_keywords.xml
   id        : Multi Language SEO Keywords
   version   : 1.0.0
   vqmver    : 2.1.5
   author    : ovife21

File Name    : admin/view/template/setting/setting.tpl(0)
VQModObject::applyMod - SEARCH NOT FOUND (ABORTING MOD): <input type="text" name="config_title" value="<?php echo $config_title; ?>" id="input-title" class="form-control input-sm" />" />

MOD DETAILS:
   modFile   : /var/www/thelovestore/data/www/thelovestore.ru/vqmod/xml/store_keyword.xml
   id        : Store - Meta Keywords
   version   : 1.0
   vqmver    : 1.1.0
   author    : ovife21

File Name    : admin/view/template/setting/setting.tpl(0)
VQModObject::applyMod - SEARCH NOT FOUND (ABORTING MOD): <td><?php echo $entry_meta_description; ?></td>

----------------------------------------------------------------------


---------- Date: 2013-12-02 17:51:38 ~ IP : 110.171.251.35 ----------
REQUEST URI : /admin/index.php?route=setting/setting&amp;token=644390593aa68756a3fb008003c597d7
MOD DETAILS:
   modFile   : /var/www/thelovestore/data/www/thelovestore.ru/vqmod/xml/ML_seo_keywords.xml
   id        : Multi Language SEO Keywords
   version   : 1.0.0
   vqmver    : 2.1.5
   author    : ovife21

File Name    : admin/view/template/setting/setting.tpl(0)
VQModObject::applyMod - SEARCH NOT FOUND (ABORTING MOD): <input type="text" name="config_title" value="<?php echo $config_title; ?>" id="input-title" class="form-control input-sm" />" />

MOD DETAILS:
   modFile   : /var/www/thelovestore/data/www/thelovestore.ru/vqmod/xml/store_keyword.xml
   id        : Store - Meta Keywords
   version   : 1.0
   vqmver    : 1.1.0
   author    : ovife21

File Name    : admin/view/template/setting/setting.tpl(0)
VQModObject::applyMod - SEARCH NOT FOUND (ABORTING MOD): <td><?php echo $entry_meta_description; ?></td>

----------------------------------------------------------------------


---------- Date: 2013-12-02 18:15:31 ~ IP : 110.171.251.35 ----------
REQUEST URI : /admin/index.php?route=setting/setting&amp;token=644390593aa68756a3fb008003c597d7
MOD DETAILS:
   modFile   : /var/www/thelovestore/data/www/thelovestore.ru/vqmod/xml/ML_seo_keywords.xml
   id        : Multi Language SEO Keywords
   version   : 1.0.0
   vqmver    : 2.1.5
   author    : ovife21

File Name    : admin/view/template/setting/setting.tpl(0)
VQModObject::applyMod - SEARCH NOT FOUND (ABORTING MOD): <input type="text" name="config_title" value="<?php echo $config_title; ?>" id="input-title" class="form-control input-sm" />" />

MOD DETAILS:
   modFile   : /var/www/thelovestore/data/www/thelovestore.ru/vqmod/xml/store_keyword.xml
   id        : Store - Meta Keywords
   version   : 1.0
   vqmver    : 1.1.0
   author    : ovife21

File Name    : admin/view/template/setting/setting.tpl(0)
VQModObject::applyMod - SEARCH NOT FOUND (ABORTING MOD): <td><?php echo $entry_meta_description; ?></td>

----------------------------------------------------------------------


---------- Date: 2013-12-02 18:19:32 ~ IP : 110.171.251.35 ----------
REQUEST URI : /admin/index.php?route=setting/setting&amp;token=644390593aa68756a3fb008003c597d7
MOD DETAILS:
   modFile   : /var/www/thelovestore/data/www/thelovestore.ru/vqmod/xml/ML_seo_keywords.xml
   id        : Multi Language SEO Keywords
   version   : 1.0.0
   vqmver    : 2.1.5
   author    : ovife21

File Name    : admin/view/template/setting/setting.tpl(0)
VQModObject::applyMod - SEARCH NOT FOUND (ABORTING MOD): <input type="text" name="config_title" value="<?php echo $config_title; ?>" id="input-title" class="form-control input-sm" />" />

MOD DETAILS:
   modFile   : /var/www/thelovestore/data/www/thelovestore.ru/vqmod/xml/store_keyword.xml
   id        : Store - Meta Keywords
   version   : 1.0
   vqmver    : 1.1.0
   author    : ovife21

File Name    : admin/view/template/setting/setting.tpl(0)
VQModObject::applyMod - SEARCH NOT FOUND (ABORTING MOD): <td><?php echo $entry_meta_description; ?></td>

----------------------------------------------------------------------


---------- Date: 2013-12-02 18:33:10 ~ IP : 110.171.251.35 ----------
REQUEST URI : /admin/index.php?route=setting/setting&amp;token=644390593aa68756a3fb008003c597d7
MOD DETAILS:
   modFile   : /var/www/thelovestore/data/www/thelovestore.ru/vqmod/xml/ML_seo_keywords.xml
   id        : Multi Language SEO Keywords
   version   : 1.0.0
   vqmver    : 2.1.5
   author    : ovife21

File Name    : admin/view/template/setting/setting.tpl(0)
VQModObject::applyMod - SEARCH NOT FOUND (ABORTING MOD): <input type="text" name="config_title" value="<?php echo $config_title; ?>" id="input-title" class="form-control input-sm" />" />

MOD DETAILS:
   modFile   : /var/www/thelovestore/data/www/thelovestore.ru/vqmod/xml/store_keyword.xml
   id        : Store - Meta Keywords
   version   : 1.0
   vqmver    : 1.1.0
   author    : ovife21

File Name    : admin/view/template/setting/setting.tpl(0)
VQModObject::applyMod - SEARCH NOT FOUND (ABORTING MOD): <td><?php echo $entry_meta_description; ?></td>

----------------------------------------------------------------------


---------- Date: 2013-12-02 18:52:08 ~ IP : 110.171.251.35 ----------
REQUEST URI : /admin/index.php?route=setting/setting&amp;token=644390593aa68756a3fb008003c597d7
MOD DETAILS:
   modFile   : /var/www/thelovestore/data/www/thelovestore.ru/vqmod/xml/SEOEDITOR.xml
   id        : SEO Editor
   version   : 1.0.0
   vqmver    : 2.1.5
   author    : ovife21

File Name    : admin/view/template/common/header.tpl(0)
VQModObject::applyMod - SEARCH NOT FOUND (ABORTING MOD): <script type="text/javascript" src="view/javascript/jquery/jquery
MOD DETAILS:
   modFile   : /var/www/thelovestore/data/www/thelovestore.ru/vqmod/xml/admin_notification.xml
   id        : Admin Panel Notication
   version   : 1.0
   vqmver    : 1.0.8
   author    : Patrick - CakeDeliver.com

File Name    : admin/view/template/common/header.tpl(1)
VQModObject::applyMod - SEARCH NOT FOUND (ABORTING MOD): <li id="store"><a class="top" href="<?php echo $logout; ?>"><?php echo $text_logout; ?></a></li>

MOD DETAILS:
   modFile   : /var/www/thelovestore/data/www/thelovestore.ru/vqmod/xml/ML_seo_keywords.xml
   id        : Multi Language SEO Keywords
   version   : 1.0.0
   vqmver    : 2.1.5
   author    : ovife21

File Name    : admin/view/template/setting/setting.tpl(0)
VQModObject::applyMod - SEARCH NOT FOUND (ABORTING MOD): <input type="text" name="config_title" value="<?php echo $config_title; ?>" id="input-title" class="form-control input-sm" />" />

MOD DETAILS:
   modFile   : /var/www/thelovestore/data/www/thelovestore.ru/vqmod/xml/store_keyword.xml
   id        : Store - Meta Keywords
   version   : 1.0
   vqmver    : 1.1.0
   author    : ovife21

File Name    : admin/view/template/setting/setting.tpl(0)
VQModObject::applyMod - SEARCH NOT FOUND (ABORTING MOD): <td><?php echo $entry_meta_description; ?></td>

----------------------------------------------------------------------


---------- Date: 2013-12-02 19:31:28 ~ IP : 110.171.251.35 ----------
REQUEST URI : /admin/index.php?route=extension/module&amp;token=644390593aa68756a3fb008003c597d7
MOD DETAILS:
   modFile   : /var/www/thelovestore/data/www/thelovestore.ru/vqmod/xml/SEOEDITOR.xml
   id        : SEO Editor
   version   : 1.0.0
   vqmver    : 2.1.5
   author    : ovife21

File Name    : admin/view/template/common/header.tpl(0)
VQModObject::applyMod - SEARCH NOT FOUND (ABORTING MOD): <script type="text/javascript" src="view/javascript/jquery/jquery
MOD DETAILS:
   modFile   : /var/www/thelovestore/data/www/thelovestore.ru/vqmod/xml/admin_notification.xml
   id        : Admin Panel Notication
   version   : 1.0
   vqmver    : 1.0.8
   author    : Patrick - CakeDeliver.com

File Name    : admin/view/template/common/header.tpl(1)
VQModObject::applyMod - SEARCH NOT FOUND (ABORTING MOD): <li id="store"><a class="top" href="<?php echo $logout; ?>"><?php echo $text_logout; ?></a></li>

----------------------------------------------------------------------


---------- Date: 2013-12-02 19:46:26 ~ IP : 110.171.251.35 ----------
REQUEST URI : /admin/index.php?route=extension/module&amp;token=644390593aa68756a3fb008003c597d7
MOD DETAILS:
   modFile   : /var/www/thelovestore/data/www/thelovestore.ru/vqmod/xml/SEOEDITOR.xml
   id        : SEO Editor
   version   : 1.0.0
   vqmver    : 2.1.5
   author    : ovife21

File Name    : admin/view/template/common/header.tpl(0)
VQModObject::applyMod - SEARCH NOT FOUND (ABORTING MOD): <script type="text/javascript" src="view/javascript/jquery/jquery
MOD DETAILS:
   modFile   : /var/www/thelovestore/data/www/thelovestore.ru/vqmod/xml/admin_notification.xml
   id        : Admin Panel Notication
   version   : 1.0
   vqmver    : 1.0.8
   author    : Patrick - CakeDeliver.com

File Name    : admin/view/template/common/header.tpl(1)
VQModObject::applyMod - SEARCH NOT FOUND (ABORTING MOD): <li id="store"><a class="top" href="<?php echo $logout; ?>"><?php echo $text_logout; ?></a></li>

----------------------------------------------------------------------


---------- Date: 2013-12-02 19:47:41 ~ IP : 110.171.251.35 ----------
REQUEST URI : /admin/index.php?route=extension/module&amp;token=644390593aa68756a3fb008003c597d7
MOD DETAILS:
   modFile   : /var/www/thelovestore/data/www/thelovestore.ru/vqmod/xml/SEOEDITOR.xml
   id        : SEO Editor
   version   : 1.0.0
   vqmver    : 2.1.5
   author    : ovife21

File Name    : admin/view/template/common/header.tpl(0)
VQModObject::applyMod - SEARCH NOT FOUND (ABORTING MOD): <script type="text/javascript" src="view/javascript/jquery/jquery
MOD DETAILS:
   modFile   : /var/www/thelovestore/data/www/thelovestore.ru/vqmod/xml/admin_notification.xml
   id        : Admin Panel Notication
   version   : 1.0
   vqmver    : 1.0.8
   author    : Patrick - CakeDeliver.com

File Name    : admin/view/template/common/header.tpl(1)
VQModObject::applyMod - SEARCH NOT FOUND (ABORTING MOD): <li id="store"><a class="top" href="<?php echo $logout; ?>"><?php echo $text_logout; ?></a></li>

----------------------------------------------------------------------


---------- Date: 2013-12-02 19:51:30 ~ IP : 110.171.251.35 ----------
REQUEST URI : /admin/index.php?route=setting/setting&amp;token=644390593aa68756a3fb008003c597d7
MOD DETAILS:
   modFile   : /var/www/thelovestore/data/www/thelovestore.ru/vqmod/xml/SEOEDITOR.xml
   id        : SEO Editor
   version   : 1.0.0
   vqmver    : 2.1.5
   author    : ovife21

File Name    : admin/view/template/common/header.tpl(0)
VQModObject::applyMod - SEARCH NOT FOUND (ABORTING MOD): <script type="text/javascript" src="view/javascript/jquery/jquery
MOD DETAILS:
   modFile   : /var/www/thelovestore/data/www/thelovestore.ru/vqmod/xml/admin_notification.xml
   id        : Admin Panel Notication
   version   : 1.0
   vqmver    : 1.0.8
   author    : Patrick - CakeDeliver.com

File Name    : admin/view/template/common/header.tpl(1)
VQModObject::applyMod - SEARCH NOT FOUND (ABORTING MOD): <li id="store"><a class="top" href="<?php echo $logout; ?>"><?php echo $text_logout; ?></a></li>

MOD DETAILS:
   modFile   : /var/www/thelovestore/data/www/thelovestore.ru/vqmod/xml/ML_seo_keywords.xml
   id        : Multi Language SEO Keywords
   version   : 1.0.0
   vqmver    : 2.1.5
   author    : ovife21

File Name    : admin/view/template/setting/setting.tpl(0)
VQModObject::applyMod - SEARCH NOT FOUND (ABORTING MOD): <input type="text" name="config_title" value="<?php echo $config_title; ?>" id="input-title" class="form-control input-sm" />" />

MOD DETAILS:
   modFile   : /var/www/thelovestore/data/www/thelovestore.ru/vqmod/xml/store_keyword.xml
   id        : Store - Meta Keywords
   version   : 1.0
   vqmver    : 1.1.0
   author    : ovife21

File Name    : admin/view/template/setting/setting.tpl(0)
VQModObject::applyMod - SEARCH NOT FOUND (ABORTING MOD): <td><?php echo $entry_meta_description; ?></td>

----------------------------------------------------------------------


---------- Date: 2013-12-02 19:54:12 ~ IP : 110.171.251.35 ----------
REQUEST URI : /admin/index.php?route=setting/setting&amp;token=644390593aa68756a3fb008003c597d7
MOD DETAILS:
   modFile   : /var/www/thelovestore/data/www/thelovestore.ru/vqmod/xml/SEOEDITOR.xml
   id        : SEO Editor
   version   : 1.0.0
   vqmver    : 2.1.5
   author    : ovife21

File Name    : admin/view/template/common/header.tpl(0)
VQModObject::applyMod - SEARCH NOT FOUND (ABORTING MOD): <script type="text/javascript" src="view/javascript/jquery/jquery
MOD DETAILS:
   modFile   : /var/www/thelovestore/data/www/thelovestore.ru/vqmod/xml/admin_notification.xml
   id        : Admin Panel Notication
   version   : 1.0
   vqmver    : 1.0.8
   author    : Patrick - CakeDeliver.com

File Name    : admin/view/template/common/header.tpl(1)
VQModObject::applyMod - SEARCH NOT FOUND (ABORTING MOD): <li id="store"><a class="top" href="<?php echo $logout; ?>"><?php echo $text_logout; ?></a></li>

MOD DETAILS:
   modFile   : /var/www/thelovestore/data/www/thelovestore.ru/vqmod/xml/ML_seo_keywords.xml
   id        : Multi Language SEO Keywords
   version   : 1.0.0
   vqmver    : 2.1.5
   author    : ovife21

File Name    : admin/view/template/setting/setting.tpl(0)
VQModObject::applyMod - SEARCH NOT FOUND (ABORTING MOD): <input type="text" name="config_title" value="<?php echo $config_title; ?>" id="input-title" class="form-control input-sm" />" />

MOD DETAILS:
   modFile   : /var/www/thelovestore/data/www/thelovestore.ru/vqmod/xml/store_keyword.xml
   id        : Store - Meta Keywords
   version   : 1.0
   vqmver    : 1.1.0
   author    : ovife21

File Name    : admin/view/template/setting/setting.tpl(0)
VQModObject::applyMod - SEARCH NOT FOUND (ABORTING MOD): <td><?php echo $entry_meta_description; ?></td>

----------------------------------------------------------------------


---------- Date: 2013-12-02 19:55:37 ~ IP : 110.171.251.35 ----------
REQUEST URI : /admin/index.php?route=setting/setting&amp;token=644390593aa68756a3fb008003c597d7
MOD DETAILS:
   modFile   : /var/www/thelovestore/data/www/thelovestore.ru/vqmod/xml/SEOEDITOR.xml
   id        : SEO Editor
   version   : 1.0.0
   vqmver    : 2.1.5
   author    : ovife21

File Name    : admin/view/template/common/header.tpl(0)
VQModObject::applyMod - SEARCH NOT FOUND (ABORTING MOD): <script type="text/javascript" src="view/javascript/jquery/jquery
MOD DETAILS:
   modFile   : /var/www/thelovestore/data/www/thelovestore.ru/vqmod/xml/admin_notification.xml
   id        : Admin Panel Notication
   version   : 1.0
   vqmver    : 1.0.8
   author    : Patrick - CakeDeliver.com

File Name    : admin/view/template/common/header.tpl(1)
VQModObject::applyMod - SEARCH NOT FOUND (ABORTING MOD): <li id="store"><a class="top" href="<?php echo $logout; ?>"><?php echo $text_logout; ?></a></li>

MOD DETAILS:
   modFile   : /var/www/thelovestore/data/www/thelovestore.ru/vqmod/xml/ML_seo_keywords.xml
   id        : Multi Language SEO Keywords
   version   : 1.0.0
   vqmver    : 2.1.5
   author    : ovife21

File Name    : admin/view/template/setting/setting.tpl(0)
VQModObject::applyMod - SEARCH NOT FOUND (ABORTING MOD): <input type="text" name="config_title" value="<?php echo $config_title; ?>" id="input-title" class="form-control input-sm" />" />

MOD DETAILS:
   modFile   : /var/www/thelovestore/data/www/thelovestore.ru/vqmod/xml/store_keyword.xml
   id        : Store - Meta Keywords
   version   : 1.0
   vqmver    : 1.1.0
   author    : ovife21

File Name    : admin/view/template/setting/setting.tpl(0)
VQModObject::applyMod - SEARCH NOT FOUND (ABORTING MOD): <td><?php echo $entry_meta_description; ?></td>

----------------------------------------------------------------------


---------- Date: 2013-12-02 19:57:59 ~ IP : 110.171.251.35 ----------
REQUEST URI : /admin/index.php?route=setting/setting&amp;token=644390593aa68756a3fb008003c597d7
MOD DETAILS:
   modFile   : /var/www/thelovestore/data/www/thelovestore.ru/vqmod/xml/SEOEDITOR.xml
   id        : SEO Editor
   version   : 1.0.0
   vqmver    : 2.1.5
   author    : ovife21

File Name    : admin/view/template/common/header.tpl(0)
VQModObject::applyMod - SEARCH NOT FOUND (ABORTING MOD): <script type="text/javascript" src="view/javascript/jquery/jquery
MOD DETAILS:
   modFile   : /var/www/thelovestore/data/www/thelovestore.ru/vqmod/xml/admin_notification.xml
   id        : Admin Panel Notication
   version   : 1.0
   vqmver    : 1.0.8
   author    : Patrick - CakeDeliver.com

File Name    : admin/view/template/common/header.tpl(1)
VQModObject::applyMod - SEARCH NOT FOUND (ABORTING MOD): <li id="store"><a class="top" href="<?php echo $logout; ?>"><?php echo $text_logout; ?></a></li>

MOD DETAILS:
   modFile   : /var/www/thelovestore/data/www/thelovestore.ru/vqmod/xml/ML_seo_keywords.xml
   id        : Multi Language SEO Keywords
   version   : 1.0.0
   vqmver    : 2.1.5
   author    : ovife21

File Name    : admin/view/template/setting/setting.tpl(0)
VQModObject::applyMod - SEARCH NOT FOUND (ABORTING MOD): <input type="text" name="config_title" value="<?php echo $config_title; ?>" id="input-title" class="form-control input-sm" />" />

MOD DETAILS:
   modFile   : /var/www/thelovestore/data/www/thelovestore.ru/vqmod/xml/store_keyword.xml
   id        : Store - Meta Keywords
   version   : 1.0
   vqmver    : 1.1.0
   author    : ovife21

File Name    : admin/view/template/setting/setting.tpl(0)
VQModObject::applyMod - SEARCH NOT FOUND (ABORTING MOD): <td><?php echo $entry_meta_description; ?></td>

----------------------------------------------------------------------


---------- Date: 2013-12-02 20:00:27 ~ IP : 110.171.251.35 ----------
REQUEST URI : /admin/index.php?route=setting/setting&amp;token=644390593aa68756a3fb008003c597d7
MOD DETAILS:
   modFile   : /var/www/thelovestore/data/www/thelovestore.ru/vqmod/xml/SEOEDITOR.xml
   id        : SEO Editor
   version   : 1.0.0
   vqmver    : 2.1.5
   author    : ovife21

File Name    : admin/view/template/common/header.tpl(0)
VQModObject::applyMod - SEARCH NOT FOUND (ABORTING MOD): <script type="text/javascript" src="view/javascript/jquery/jquery
MOD DETAILS:
   modFile   : /var/www/thelovestore/data/www/thelovestore.ru/vqmod/xml/admin_notification.xml
   id        : Admin Panel Notication
   version   : 1.0
   vqmver    : 1.0.8
   author    : Patrick - CakeDeliver.com

File Name    : admin/view/template/common/header.tpl(1)
VQModObject::applyMod - SEARCH NOT FOUND (ABORTING MOD): <li id="store"><a class="top" href="<?php echo $logout; ?>"><?php echo $text_logout; ?></a></li>

MOD DETAILS:
   modFile   : /var/www/thelovestore/data/www/thelovestore.ru/vqmod/xml/ML_seo_keywords.xml
   id        : Multi Language SEO Keywords
   version   : 1.0.0
   vqmver    : 2.1.5
   author    : ovife21

File Name    : admin/view/template/setting/setting.tpl(0)
VQModObject::applyMod - SEARCH NOT FOUND (ABORTING MOD): <input type="text" name="config_title" value="<?php echo $config_title; ?>" id="input-title" class="form-control input-sm" />" />

MOD DETAILS:
   modFile   : /var/www/thelovestore/data/www/thelovestore.ru/vqmod/xml/store_keyword.xml
   id        : Store - Meta Keywords
   version   : 1.0
   vqmver    : 1.1.0
   author    : ovife21

File Name    : admin/view/template/setting/setting.tpl(0)
VQModObject::applyMod - SEARCH NOT FOUND (ABORTING MOD): <td><?php echo $entry_meta_description; ?></td>

----------------------------------------------------------------------


---------- Date: 2013-12-02 20:02:11 ~ IP : 110.171.251.35 ----------
REQUEST URI : /admin/index.php?route=setting/setting&amp;token=644390593aa68756a3fb008003c597d7
MOD DETAILS:
   modFile   : /var/www/thelovestore/data/www/thelovestore.ru/vqmod/xml/SEOEDITOR.xml
   id        : SEO Editor
   version   : 1.0.0
   vqmver    : 2.1.5
   author    : ovife21

File Name    : admin/view/template/common/header.tpl(0)
VQModObject::applyMod - SEARCH NOT FOUND (ABORTING MOD): <script type="text/javascript" src="view/javascript/jquery/jquery
MOD DETAILS:
   modFile   : /var/www/thelovestore/data/www/thelovestore.ru/vqmod/xml/admin_notification.xml
   id        : Admin Panel Notication
   version   : 1.0
   vqmver    : 1.0.8
   author    : Patrick - CakeDeliver.com

File Name    : admin/view/template/common/header.tpl(1)
VQModObject::applyMod - SEARCH NOT FOUND (ABORTING MOD): <li id="store"><a class="top" href="<?php echo $logout; ?>"><?php echo $text_logout; ?></a></li>

MOD DETAILS:
   modFile   : /var/www/thelovestore/data/www/thelovestore.ru/vqmod/xml/store_keyword.xml
   id        : Store - Meta Keywords
   version   : 1.0
   vqmver    : 1.1.0
   author    : ovife21

File Name    : admin/view/template/setting/setting.tpl(0)
VQModObject::applyMod - SEARCH NOT FOUND (ABORTING MOD): <td><?php echo $entry_meta_description; ?></td>

----------------------------------------------------------------------


