---------- Date: 2013-12-03 18:24:51 ~ IP : 110.171.251.35 ----------
REQUEST URI : /admin/index.php?route=catalog/seoeditor&amp;token=644390593aa68756a3fb008003c597d7
MOD DETAILS:
   modFile   : /var/www/thelovestore/data/www/thelovestore.ru/vqmod/xml/custom_title.xml
   id        : Custom titles
   version   : 1.0.0
   vqmver    : 2.1.5
   author    : ovife21

File Name    : admin/view/template/catalog/seoeditor.tpl(0)
VQModObject::applyMod - SEARCH NOT FOUND (ABORTING MOD): <td class="left"  style="width:220px;"><?php if ($sort == 'meta_keyword') { ?>

----------------------------------------------------------------------


---------- Date: 2013-12-03 18:39:11 ~ IP : 110.171.251.35 ----------
REQUEST URI : /admin/index.php?route=catalog/category/update&amp;token=644390593aa68756a3fb008003c597d7&amp;category_id=261
MOD DETAILS:
   modFile   : /var/www/thelovestore/data/www/thelovestore.ru/vqmod/xml/ML_seo_keywords.xml
   id        : Multi Language SEO Keywords
   version   : 1.0.0
   vqmver    : 2.1.5
   author    : ovife21

File Name    : admin/view/template/catalog/category_form.tpl(0)
VQModObject::applyMod - SEARCH NOT FOUND (ABORTING MOD): <input type="text" name="keyword" value="<?php echo $keyword; ?>" />

MOD DETAILS:
   modFile   : /var/www/thelovestore/data/www/thelovestore.ru/vqmod/xml/custom_title.xml
   id        : Custom titles
   version   : 1.0.0
   vqmver    : 2.1.5
   author    : ovife21

File Name    : admin/view/template/catalog/category_form.tpl(0)
VQModObject::applyMod - SEARCH NOT FOUND (ABORTING MOD): <td><?php echo $entry_meta_description; ?></td>

----------------------------------------------------------------------


---------- Date: 2013-12-03 18:44:23 ~ IP : 110.171.251.35 ----------
REQUEST URI : /admin/index.php?route=catalog/category/update&amp;token=644390593aa68756a3fb008003c597d7&amp;category_id=261
MOD DETAILS:
   modFile   : /var/www/thelovestore/data/www/thelovestore.ru/vqmod/xml/SEOEDITOR.xml
   id        : SEO Editor
   version   : 1.0.0
   vqmver    : 2.1.5
   author    : ovife21

File Name    : admin/view/template/common/header.tpl(0)
VQModObject::applyMod - SEARCH NOT FOUND (ABORTING MOD): <script type="text/javascript" src="view/javascript/jquery/jquery
MOD DETAILS:
   modFile   : /var/www/thelovestore/data/www/thelovestore.ru/vqmod/xml/admin_notification.xml
   id        : Admin Panel Notication
   version   : 1.0
   vqmver    : 1.0.8
   author    : Patrick - CakeDeliver.com

File Name    : admin/view/template/common/header.tpl(1)
VQModObject::applyMod - SEARCH NOT FOUND (ABORTING MOD): <li id="store"><a class="top" href="<?php echo $logout; ?>"><?php echo $text_logout; ?></a></li>

MOD DETAILS:
   modFile   : /var/www/thelovestore/data/www/thelovestore.ru/vqmod/xml/ML_seo_keywords.xml
   id        : Multi Language SEO Keywords
   version   : 1.0.0
   vqmver    : 2.1.5
   author    : ovife21

File Name    : admin/view/template/catalog/category_form.tpl(0)
VQModObject::applyMod - SEARCH NOT FOUND (ABORTING MOD): <input type="text" name="keyword" value="<?php echo $keyword; ?>" />

MOD DETAILS:
   modFile   : /var/www/thelovestore/data/www/thelovestore.ru/vqmod/xml/custom_title.xml
   id        : Custom titles
   version   : 1.0.0
   vqmver    : 2.1.5
   author    : ovife21

File Name    : admin/view/template/catalog/category_form.tpl(0)
VQModObject::applyMod - SEARCH NOT FOUND (ABORTING MOD): <td><?php echo $entry_meta_description; ?></td>

----------------------------------------------------------------------


---------- Date: 2013-12-03 18:47:56 ~ IP : 110.171.251.35 ----------
REQUEST URI : /admin/index.php?route=catalog/seoeditor&amp;token=644390593aa68756a3fb008003c597d7
MOD DETAILS:
   modFile   : /var/www/thelovestore/data/www/thelovestore.ru/vqmod/xml/custom_title.xml
   id        : Custom titles
   version   : 1.0.0
   vqmver    : 2.1.5
   author    : ovife21

File Name    : admin/view/template/catalog/seoeditor.tpl(0)
VQModObject::applyMod - SEARCH NOT FOUND (ABORTING MOD): <td class="left"  style="width:220px;"><?php if ($sort == 'meta_keyword') { ?>

----------------------------------------------------------------------


---------- Date: 2013-12-03 18:51:05 ~ IP : 110.171.251.35 ----------
REQUEST URI : /admin/index.php?route=catalog/seoeditor&amp;token=644390593aa68756a3fb008003c597d7
MOD DETAILS:
   modFile   : /var/www/thelovestore/data/www/thelovestore.ru/vqmod/xml/SEOEDITOR.xml
   id        : SEO Editor
   version   : 1.0.0
   vqmver    : 2.1.5
   author    : ovife21

File Name    : admin/view/template/common/header.tpl(0)
VQModObject::applyMod - SEARCH NOT FOUND (ABORTING MOD): <script type="text/javascript" src="view/javascript/jquery/jquery
MOD DETAILS:
   modFile   : /var/www/thelovestore/data/www/thelovestore.ru/vqmod/xml/admin_notification.xml
   id        : Admin Panel Notication
   version   : 1.0
   vqmver    : 1.0.8
   author    : Patrick - CakeDeliver.com

File Name    : admin/view/template/common/header.tpl(1)
VQModObject::applyMod - SEARCH NOT FOUND (ABORTING MOD): <li id="store"><a class="top" href="<?php echo $logout; ?>"><?php echo $text_logout; ?></a></li>

MOD DETAILS:
   modFile   : /var/www/thelovestore/data/www/thelovestore.ru/vqmod/xml/custom_title.xml
   id        : Custom titles
   version   : 1.0.0
   vqmver    : 2.1.5
   author    : ovife21

File Name    : admin/view/template/catalog/seoeditor.tpl(0)
VQModObject::applyMod - SEARCH NOT FOUND (ABORTING MOD): <td class="left"  style="width:220px;"><?php if ($sort == 'meta_keyword') { ?>

----------------------------------------------------------------------


---------- Date: 2013-12-03 18:52:21 ~ IP : 110.171.251.35 ----------
REQUEST URI : /admin/index.php?route=catalog/seoeditor&amp;token=644390593aa68756a3fb008003c597d7
MOD DETAILS:
   modFile   : /var/www/thelovestore/data/www/thelovestore.ru/vqmod/xml/custom_title.xml
   id        : Custom titles
   version   : 1.0.0
   vqmver    : 2.1.5
   author    : ovife21

File Name    : admin/view/template/catalog/seoeditor.tpl(0)
VQModObject::applyMod - SEARCH NOT FOUND (ABORTING MOD): <td class="left"  style="width:220px;"><?php if ($sort == 'meta_keyword') { ?>

----------------------------------------------------------------------


---------- Date: 2013-12-03 18:54:40 ~ IP : 110.171.251.35 ----------
REQUEST URI : /admin/index.php?route=catalog/seoeditor&amp;token=644390593aa68756a3fb008003c597d7
MOD DETAILS:
   modFile   : /var/www/thelovestore/data/www/thelovestore.ru/vqmod/xml/SEOEDITOR.xml
   id        : SEO Editor
   version   : 1.0.0
   vqmver    : 2.1.5
   author    : ovife21

File Name    : admin/view/template/common/header.tpl(0)
VQModObject::applyMod - SEARCH NOT FOUND (ABORTING MOD): <script type="text/javascript" src="view/javascript/jquery/jquery
MOD DETAILS:
   modFile   : /var/www/thelovestore/data/www/thelovestore.ru/vqmod/xml/admin_notification.xml
   id        : Admin Panel Notication
   version   : 1.0
   vqmver    : 1.0.8
   author    : Patrick - CakeDeliver.com

File Name    : admin/view/template/common/header.tpl(1)
VQModObject::applyMod - SEARCH NOT FOUND (ABORTING MOD): <li id="store"><a class="top" href="<?php echo $logout; ?>"><?php echo $text_logout; ?></a></li>

MOD DETAILS:
   modFile   : /var/www/thelovestore/data/www/thelovestore.ru/vqmod/xml/custom_title.xml
   id        : Custom titles
   version   : 1.0.0
   vqmver    : 2.1.5
   author    : ovife21

File Name    : admin/view/template/catalog/seoeditor.tpl(0)
VQModObject::applyMod - SEARCH NOT FOUND (ABORTING MOD): <td class="left"  style="width:220px;"><?php if ($sort == 'meta_keyword') { ?>

----------------------------------------------------------------------


---------- Date: 2013-12-03 18:56:02 ~ IP : 110.171.251.35 ----------
REQUEST URI : /admin/index.php?route=catalog/product/update&amp;token=644390593aa68756a3fb008003c597d7&amp;product_id=363
MOD DETAILS:
   modFile   : /var/www/thelovestore/data/www/thelovestore.ru/vqmod/xml/ML_seo_keywords.xml
   id        : Multi Language SEO Keywords
   version   : 1.0.0
   vqmver    : 2.1.5
   author    : ovife21

File Name    : admin/view/template/catalog/product_form.tpl(0)
VQModObject::applyMod - SEARCH NOT FOUND (ABORTING MOD): <input type="text" name="keyword" value="<?php echo $keyword; ?>" />

MOD DETAILS:
   modFile   : /var/www/thelovestore/data/www/thelovestore.ru/vqmod/xml/custom_title.xml
   id        : Custom titles
   version   : 1.0.0
   vqmver    : 2.1.5
   author    : ovife21

File Name    : admin/view/template/catalog/product_form.tpl(0)
VQModObject::applyMod - SEARCH NOT FOUND (ABORTING MOD): <td><?php echo $entry_meta_description; ?></td>

----------------------------------------------------------------------


---------- Date: 2013-12-03 18:56:02 ~ IP : 110.171.251.35 ----------
REQUEST URI : /admin/index.php?route=catalog/product/update&amp;token=644390593aa68756a3fb008003c597d7&amp;product_id=1291
MOD DETAILS:
   modFile   : /var/www/thelovestore/data/www/thelovestore.ru/vqmod/xml/ML_seo_keywords.xml
   id        : Multi Language SEO Keywords
   version   : 1.0.0
   vqmver    : 2.1.5
   author    : ovife21

File Name    : admin/view/template/catalog/product_form.tpl(0)
VQModObject::applyMod - SEARCH NOT FOUND (ABORTING MOD): <input type="text" name="keyword" value="<?php echo $keyword; ?>" />

MOD DETAILS:
   modFile   : /var/www/thelovestore/data/www/thelovestore.ru/vqmod/xml/custom_title.xml
   id        : Custom titles
   version   : 1.0.0
   vqmver    : 2.1.5
   author    : ovife21

File Name    : admin/view/template/catalog/product_form.tpl(0)
VQModObject::applyMod - SEARCH NOT FOUND (ABORTING MOD): <td><?php echo $entry_meta_description; ?></td>

----------------------------------------------------------------------


---------- Date: 2013-12-03 18:56:03 ~ IP : 110.171.251.35 ----------
REQUEST URI : /admin/index.php?route=catalog/product/update&amp;token=644390593aa68756a3fb008003c597d7&amp;product_id=3795
MOD DETAILS:
   modFile   : /var/www/thelovestore/data/www/thelovestore.ru/vqmod/xml/ML_seo_keywords.xml
   id        : Multi Language SEO Keywords
   version   : 1.0.0
   vqmver    : 2.1.5
   author    : ovife21

File Name    : admin/view/template/catalog/product_form.tpl(0)
VQModObject::applyMod - SEARCH NOT FOUND (ABORTING MOD): <input type="text" name="keyword" value="<?php echo $keyword; ?>" />

MOD DETAILS:
   modFile   : /var/www/thelovestore/data/www/thelovestore.ru/vqmod/xml/custom_title.xml
   id        : Custom titles
   version   : 1.0.0
   vqmver    : 2.1.5
   author    : ovife21

File Name    : admin/view/template/catalog/product_form.tpl(0)
VQModObject::applyMod - SEARCH NOT FOUND (ABORTING MOD): <td><?php echo $entry_meta_description; ?></td>

----------------------------------------------------------------------


---------- Date: 2013-12-03 19:01:09 ~ IP : 110.171.251.35 ----------
REQUEST URI : /admin/index.php?route=catalog/category/update&amp;token=50a46af160b16f4dc239f45c645d29b5&amp;category_id=261
MOD DETAILS:
   modFile   : /var/www/thelovestore/data/www/thelovestore.ru/vqmod/xml/SEOEDITOR.xml
   id        : SEO Editor
   version   : 1.0.0
   vqmver    : 2.1.5
   author    : ovife21

File Name    : admin/view/template/common/header.tpl(0)
VQModObject::applyMod - SEARCH NOT FOUND (ABORTING MOD): <script type="text/javascript" src="view/javascript/jquery/jquery
MOD DETAILS:
   modFile   : /var/www/thelovestore/data/www/thelovestore.ru/vqmod/xml/admin_notification.xml
   id        : Admin Panel Notication
   version   : 1.0
   vqmver    : 1.0.8
   author    : Patrick - CakeDeliver.com

File Name    : admin/view/template/common/header.tpl(1)
VQModObject::applyMod - SEARCH NOT FOUND (ABORTING MOD): <li id="store"><a class="top" href="<?php echo $logout; ?>"><?php echo $text_logout; ?></a></li>

----------------------------------------------------------------------


---------- Date: 2013-12-03 19:01:23 ~ IP : 110.171.251.35 ----------
REQUEST URI : /admin/index.php?route=catalog/category/update&amp;category_id=261&amp;token=7e4707e7d8934b43c79f57763b578ab1
MOD DETAILS:
   modFile   : /var/www/thelovestore/data/www/thelovestore.ru/vqmod/xml/ML_seo_keywords.xml
   id        : Multi Language SEO Keywords
   version   : 1.0.0
   vqmver    : 2.1.5
   author    : ovife21

File Name    : admin/view/template/catalog/category_form.tpl(0)
VQModObject::applyMod - SEARCH NOT FOUND (ABORTING MOD): <input type="text" name="keyword" value="<?php echo $keyword; ?>" />

MOD DETAILS:
   modFile   : /var/www/thelovestore/data/www/thelovestore.ru/vqmod/xml/custom_title.xml
   id        : Custom titles
   version   : 1.0.0
   vqmver    : 2.1.5
   author    : ovife21

File Name    : admin/view/template/catalog/category_form.tpl(0)
VQModObject::applyMod - SEARCH NOT FOUND (ABORTING MOD): <td><?php echo $entry_meta_description; ?></td>

----------------------------------------------------------------------


---------- Date: 2013-12-03 19:04:59 ~ IP : 110.171.251.35 ----------
REQUEST URI : /admin/index.php?route=catalog/category/update&amp;category_id=261&amp;token=7e4707e7d8934b43c79f57763b578ab1
MOD DETAILS:
   modFile   : /var/www/thelovestore/data/www/thelovestore.ru/vqmod/xml/SEOEDITOR.xml
   id        : SEO Editor
   version   : 1.0.0
   vqmver    : 2.1.5
   author    : ovife21

File Name    : admin/view/template/common/header.tpl(0)
VQModObject::applyMod - SEARCH NOT FOUND (ABORTING MOD): <script type="text/javascript" src="view/javascript/jquery/jquery
MOD DETAILS:
   modFile   : /var/www/thelovestore/data/www/thelovestore.ru/vqmod/xml/admin_notification.xml
   id        : Admin Panel Notication
   version   : 1.0
   vqmver    : 1.0.8
   author    : Patrick - CakeDeliver.com

File Name    : admin/view/template/common/header.tpl(1)
VQModObject::applyMod - SEARCH NOT FOUND (ABORTING MOD): <li id="store"><a class="top" href="<?php echo $logout; ?>"><?php echo $text_logout; ?></a></li>

MOD DETAILS:
   modFile   : /var/www/thelovestore/data/www/thelovestore.ru/vqmod/xml/ML_seo_keywords.xml
   id        : Multi Language SEO Keywords
   version   : 1.0.0
   vqmver    : 2.1.5
   author    : ovife21

File Name    : admin/view/template/catalog/category_form.tpl(0)
VQModObject::applyMod - SEARCH NOT FOUND (ABORTING MOD): <input type="text" name="keyword" value="<?php echo $keyword; ?>" />

MOD DETAILS:
   modFile   : /var/www/thelovestore/data/www/thelovestore.ru/vqmod/xml/custom_title.xml
   id        : Custom titles
   version   : 1.0.0
   vqmver    : 2.1.5
   author    : ovife21

File Name    : admin/view/template/catalog/category_form.tpl(0)
VQModObject::applyMod - SEARCH NOT FOUND (ABORTING MOD): <td><?php echo $entry_meta_description; ?></td>

----------------------------------------------------------------------


---------- Date: 2013-12-03 19:05:58 ~ IP : 110.171.251.35 ----------
REQUEST URI : /admin/index.php?route=catalog/category/update&amp;category_id=261&amp;token=7e4707e7d8934b43c79f57763b578ab1
MOD DETAILS:
   modFile   : /var/www/thelovestore/data/www/thelovestore.ru/vqmod/xml/ML_seo_keywords.xml
   id        : Multi Language SEO Keywords
   version   : 1.0.0
   vqmver    : 2.1.5
   author    : ovife21

File Name    : admin/view/template/catalog/category_form.tpl(0)
VQModObject::applyMod - SEARCH NOT FOUND (ABORTING MOD): <input type="text" name="keyword" value="<?php echo $keyword; ?>" />

MOD DETAILS:
   modFile   : /var/www/thelovestore/data/www/thelovestore.ru/vqmod/xml/custom_title.xml
   id        : Custom titles
   version   : 1.0.0
   vqmver    : 2.1.5
   author    : ovife21

File Name    : admin/view/template/catalog/category_form.tpl(0)
VQModObject::applyMod - SEARCH NOT FOUND (ABORTING MOD): <td><?php echo $entry_meta_description; ?></td>

----------------------------------------------------------------------


---------- Date: 2013-12-03 19:10:06 ~ IP : 110.171.251.35 ----------
REQUEST URI : /admin/index.php?route=catalog/category&amp;token=50a46af160b16f4dc239f45c645d29b5
MOD DETAILS:
   modFile   : /var/www/thelovestore/data/www/thelovestore.ru/vqmod/xml/SEOEDITOR.xml
   id        : SEO Editor
   version   : 1.0.0
   vqmver    : 2.1.5
   author    : ovife21

File Name    : admin/view/template/common/header.tpl(0)
VQModObject::applyMod - SEARCH NOT FOUND (ABORTING MOD): <script type="text/javascript" src="view/javascript/jquery/jquery
MOD DETAILS:
   modFile   : /var/www/thelovestore/data/www/thelovestore.ru/vqmod/xml/admin_notification.xml
   id        : Admin Panel Notication
   version   : 1.0
   vqmver    : 1.0.8
   author    : Patrick - CakeDeliver.com

File Name    : admin/view/template/common/header.tpl(1)
VQModObject::applyMod - SEARCH NOT FOUND (ABORTING MOD): <li id="store"><a class="top" href="<?php echo $logout; ?>"><?php echo $text_logout; ?></a></li>

----------------------------------------------------------------------


---------- Date: 2013-12-03 19:10:38 ~ IP : 110.171.251.35 ----------
REQUEST URI : /admin/index.php?route=catalog/category&amp;token=f6a57d2c6de30672c09ddaf9505f0268
MOD DETAILS:
   modFile   : /var/www/thelovestore/data/www/thelovestore.ru/vqmod/xml/SEOEDITOR.xml
   id        : SEO Editor
   version   : 1.0.0
   vqmver    : 2.1.5
   author    : ovife21

File Name    : admin/view/template/common/header.tpl(0)
VQModObject::applyMod - SEARCH NOT FOUND (ABORTING MOD): <script type="text/javascript" src="view/javascript/jquery/jquery
MOD DETAILS:
   modFile   : /var/www/thelovestore/data/www/thelovestore.ru/vqmod/xml/admin_notification.xml
   id        : Admin Panel Notication
   version   : 1.0
   vqmver    : 1.0.8
   author    : Patrick - CakeDeliver.com

File Name    : admin/view/template/common/header.tpl(1)
VQModObject::applyMod - SEARCH NOT FOUND (ABORTING MOD): <li id="store"><a class="top" href="<?php echo $logout; ?>"><?php echo $text_logout; ?></a></li>

----------------------------------------------------------------------


---------- Date: 2013-12-03 19:10:44 ~ IP : 110.171.251.35 ----------
REQUEST URI : /admin/index.php?route=catalog/category/update&amp;token=f6a57d2c6de30672c09ddaf9505f0268&amp;category_id=261
MOD DETAILS:
   modFile   : /var/www/thelovestore/data/www/thelovestore.ru/vqmod/xml/ML_seo_keywords.xml
   id        : Multi Language SEO Keywords
   version   : 1.0.0
   vqmver    : 2.1.5
   author    : ovife21

File Name    : admin/view/template/catalog/category_form.tpl(0)
VQModObject::applyMod - SEARCH NOT FOUND (ABORTING MOD): <input type="text" name="keyword" value="<?php echo $keyword; ?>" />

MOD DETAILS:
   modFile   : /var/www/thelovestore/data/www/thelovestore.ru/vqmod/xml/custom_title.xml
   id        : Custom titles
   version   : 1.0.0
   vqmver    : 2.1.5
   author    : ovife21

File Name    : admin/view/template/catalog/category_form.tpl(0)
VQModObject::applyMod - SEARCH NOT FOUND (ABORTING MOD): <td><?php echo $entry_meta_description; ?></td>

----------------------------------------------------------------------


---------- Date: 2013-12-03 19:14:12 ~ IP : 110.171.251.35 ----------
REQUEST URI : /admin/index.php?route=catalog/category/update&amp;token=f6a57d2c6de30672c09ddaf9505f0268&amp;category_id=261
MOD DETAILS:
   modFile   : /var/www/thelovestore/data/www/thelovestore.ru/vqmod/xml/SEOEDITOR.xml
   id        : SEO Editor
   version   : 1.0.0
   vqmver    : 2.1.5
   author    : ovife21

File Name    : admin/view/template/common/header.tpl(0)
VQModObject::applyMod - SEARCH NOT FOUND (ABORTING MOD): <script type="text/javascript" src="view/javascript/jquery/jquery
MOD DETAILS:
   modFile   : /var/www/thelovestore/data/www/thelovestore.ru/vqmod/xml/admin_notification.xml
   id        : Admin Panel Notication
   version   : 1.0
   vqmver    : 1.0.8
   author    : Patrick - CakeDeliver.com

File Name    : admin/view/template/common/header.tpl(1)
VQModObject::applyMod - SEARCH NOT FOUND (ABORTING MOD): <li id="store"><a class="top" href="<?php echo $logout; ?>"><?php echo $text_logout; ?></a></li>

MOD DETAILS:
   modFile   : /var/www/thelovestore/data/www/thelovestore.ru/vqmod/xml/ML_seo_keywords.xml
   id        : Multi Language SEO Keywords
   version   : 1.0.0
   vqmver    : 2.1.5
   author    : ovife21

File Name    : admin/view/template/catalog/category_form.tpl(0)
VQModObject::applyMod - SEARCH NOT FOUND (ABORTING MOD): <input type="text" name="keyword" value="<?php echo $keyword; ?>" />

MOD DETAILS:
   modFile   : /var/www/thelovestore/data/www/thelovestore.ru/vqmod/xml/custom_title.xml
   id        : Custom titles
   version   : 1.0.0
   vqmver    : 2.1.5
   author    : ovife21

File Name    : admin/view/template/catalog/category_form.tpl(0)
VQModObject::applyMod - SEARCH NOT FOUND (ABORTING MOD): <td><?php echo $entry_meta_description; ?></td>

----------------------------------------------------------------------


---------- Date: 2013-12-03 19:14:45 ~ IP : 110.171.251.35 ----------
REQUEST URI : /admin/index.php?route=catalog/seoeditor&amp;token=f6a57d2c6de30672c09ddaf9505f0268
MOD DETAILS:
   modFile   : /var/www/thelovestore/data/www/thelovestore.ru/vqmod/xml/custom_title.xml
   id        : Custom titles
   version   : 1.0.0
   vqmver    : 2.1.5
   author    : ovife21

File Name    : admin/view/template/catalog/seoeditor.tpl(0)
VQModObject::applyMod - SEARCH NOT FOUND (ABORTING MOD): <td class="left"  style="width:220px;"><?php if ($sort == 'meta_keyword') { ?>

----------------------------------------------------------------------


---------- Date: 2013-12-03 20:22:50 ~ IP : 110.171.251.35 ----------
REQUEST URI : /admin/index.php?route=catalog/category/update&amp;category_id=261&amp;token=a4b03b69b27f642592752fb5362d62bb
MOD DETAILS:
   modFile   : /var/www/thelovestore/data/www/thelovestore.ru/vqmod/xml/ML_seo_keywords.xml
   id        : Multi Language SEO Keywords
   version   : 1.0.0
   vqmver    : 2.1.5
   author    : ovife21

File Name    : admin/view/template/catalog/category_form.tpl(0)
VQModObject::applyMod - SEARCH NOT FOUND (ABORTING MOD): <input type="text" name="keyword" value="<?php echo $keyword; ?>" />

MOD DETAILS:
   modFile   : /var/www/thelovestore/data/www/thelovestore.ru/vqmod/xml/custom_title.xml
   id        : Custom titles
   version   : 1.0.0
   vqmver    : 2.1.5
   author    : ovife21

File Name    : admin/view/template/catalog/category_form.tpl(0)
VQModObject::applyMod - SEARCH NOT FOUND (ABORTING MOD): <td><?php echo $entry_meta_description; ?></td>

----------------------------------------------------------------------


---------- Date: 2013-12-03 21:08:01 ~ IP : 110.171.251.35 ----------
REQUEST URI : /admin/index.php?route=catalog/seopack&amp;token=06cfd041dea7013e22fbee587dc2b05b
MOD DETAILS:
   modFile   : /var/www/thelovestore/data/www/thelovestore.ru/vqmod/xml/custom_title.xml
   id        : Custom titles
   version   : 1.0.0
   vqmver    : 2.1.5
   author    : ovife21

File Name    : admin/view/template/catalog/seopack.tpl(0)
VQModObject::applyMod - SEARCH NOT FOUND (ABORTING MOD): <p><a onclick="clearseo('Products Tags', '<?php echo $cleartags; ?>');" class="button" style="background:red">Clear Tags</a></p>

----------------------------------------------------------------------


---------- Date: 2013-12-03 21:24:38 ~ IP : 110.171.251.35 ----------
REQUEST URI : /admin/index.php?route=catalog/category/update&amp;token=0441521fd58f6d1610ed222d4d7fbd73&amp;category_id=261
MOD DETAILS:
   modFile   : /var/www/thelovestore/data/www/thelovestore.ru/vqmod/xml/ML_seo_keywords.xml
   id        : Multi Language SEO Keywords
   version   : 1.0.0
   vqmver    : 2.1.5
   author    : ovife21

File Name    : admin/view/template/catalog/category_form.tpl(0)
VQModObject::applyMod - SEARCH NOT FOUND (ABORTING MOD): <input type="text" name="keyword" value="<?php echo $keyword; ?>" />

MOD DETAILS:
   modFile   : /var/www/thelovestore/data/www/thelovestore.ru/vqmod/xml/custom_title.xml
   id        : Custom titles
   version   : 1.0.0
   vqmver    : 2.1.5
   author    : ovife21

File Name    : admin/view/template/catalog/category_form.tpl(0)
VQModObject::applyMod - SEARCH NOT FOUND (ABORTING MOD): <td><?php echo $entry_meta_description; ?></td>

----------------------------------------------------------------------


---------- Date: 2013-12-03 21:27:53 ~ IP : 110.171.251.35 ----------
REQUEST URI : /admin/index.php?route=catalog/product/update&amp;token=0441521fd58f6d1610ed222d4d7fbd73&amp;product_id=394
MOD DETAILS:
   modFile   : /var/www/thelovestore/data/www/thelovestore.ru/vqmod/xml/ML_seo_keywords.xml
   id        : Multi Language SEO Keywords
   version   : 1.0.0
   vqmver    : 2.1.5
   author    : ovife21

File Name    : admin/view/template/catalog/product_form.tpl(0)
VQModObject::applyMod - SEARCH NOT FOUND (ABORTING MOD): <input type="text" name="keyword" value="<?php echo $keyword; ?>" />

MOD DETAILS:
   modFile   : /var/www/thelovestore/data/www/thelovestore.ru/vqmod/xml/custom_title.xml
   id        : Custom titles
   version   : 1.0.0
   vqmver    : 2.1.5
   author    : ovife21

File Name    : admin/view/template/catalog/product_form.tpl(0)
VQModObject::applyMod - SEARCH NOT FOUND (ABORTING MOD): <td><?php echo $entry_meta_description; ?></td>

----------------------------------------------------------------------


---------- Date: 2013-12-03 21:35:41 ~ IP : 110.171.251.35 ----------
REQUEST URI : /admin/index.php?route=setting/store&amp;token=0441521fd58f6d1610ed222d4d7fbd73
MOD DETAILS:
   modFile   : /var/www/thelovestore/data/www/thelovestore.ru/vqmod/xml/SEOEDITOR.xml
   id        : SEO Editor
   version   : 1.0.0
   vqmver    : 2.1.5
   author    : ovife21

File Name    : admin/view/template/common/header.tpl(0)
VQModObject::applyMod - SEARCH NOT FOUND (ABORTING MOD): <script type="text/javascript" src="view/javascript/jquery/jquery
MOD DETAILS:
   modFile   : /var/www/thelovestore/data/www/thelovestore.ru/vqmod/xml/admin_notification.xml
   id        : Admin Panel Notication
   version   : 1.0
   vqmver    : 1.0.8
   author    : Patrick - CakeDeliver.com

File Name    : admin/view/template/common/header.tpl(1)
VQModObject::applyMod - SEARCH NOT FOUND (ABORTING MOD): <li id="store"><a class="top" href="<?php echo $logout; ?>"><?php echo $text_logout; ?></a></li>

----------------------------------------------------------------------


---------- Date: 2013-12-03 21:35:45 ~ IP : 110.171.251.35 ----------
REQUEST URI : /admin/index.php?route=setting/store/insert&amp;token=0441521fd58f6d1610ed222d4d7fbd73
MOD DETAILS:
   modFile   : /var/www/thelovestore/data/www/thelovestore.ru/vqmod/xml/ML_seo_keywords.xml
   id        : Multi Language SEO Keywords
   version   : 1.0.0
   vqmver    : 2.1.5
   author    : ovife21

File Name    : admin/view/template/setting/store_form.tpl(0)
VQModObject::applyMod - SEARCH NOT FOUND (ABORTING MOD): <input type="text" name="config_title" value="<?php echo $config_title; ?>" id="input-title" class="form-control input-sm">

MOD DETAILS:
   modFile   : /var/www/thelovestore/data/www/thelovestore.ru/vqmod/xml/store_keyword.xml
   id        : Store - Meta Keywords
   version   : 1.0
   vqmver    : 1.1.0
   author    : ovife21

File Name    : admin/view/template/setting/store_form.tpl(0)
VQModObject::applyMod - SEARCH NOT FOUND (ABORTING MOD): <td><?php echo $entry_meta_description; ?></td>

----------------------------------------------------------------------


---------- Date: 2013-12-03 21:36:37 ~ IP : 110.171.251.35 ----------
REQUEST URI : /admin/index.php?route=setting/store/insert&amp;token=0441521fd58f6d1610ed222d4d7fbd73
MOD DETAILS:
   modFile   : /var/www/thelovestore/data/www/thelovestore.ru/vqmod/xml/ML_seo_keywords.xml
   id        : Multi Language SEO Keywords
   version   : 1.0.0
   vqmver    : 2.1.5
   author    : ovife21

File Name    : admin/view/template/setting/store_form.tpl(0)
VQModObject::applyMod - SEARCH NOT FOUND (ABORTING MOD): <input type="text" name="config_title" value="<?php echo $config_title; ?>" id="input-title" class="form-control input-sm">

MOD DETAILS:
   modFile   : /var/www/thelovestore/data/www/thelovestore.ru/vqmod/xml/store_keyword.xml
   id        : Store - Meta Keywords
   version   : 1.0
   vqmver    : 1.1.0
   author    : ovife21

File Name    : admin/view/template/setting/store_form.tpl(0)
VQModObject::applyMod - SEARCH NOT FOUND (ABORTING MOD): <td><?php echo $entry_meta_description; ?></td>

----------------------------------------------------------------------


---------- Date: 2013-12-03 21:56:26 ~ IP : 110.171.251.35 ----------
REQUEST URI : /admin/index.php?route=setting/store/insert&amp;token=0441521fd58f6d1610ed222d4d7fbd73
MOD DETAILS:
   modFile   : /var/www/thelovestore/data/www/thelovestore.ru/vqmod/xml/store_keyword.xml
   id        : Store - Meta Keywords
   version   : 1.0
   vqmver    : 1.1.0
   author    : ovife21

File Name    : admin/view/template/setting/store_form.tpl(0)
VQModObject::applyMod - SEARCH NOT FOUND (ABORTING MOD): <td><?php echo $entry_meta_description; ?></td>

----------------------------------------------------------------------


---------- Date: 2013-12-03 22:00:39 ~ IP : 110.171.251.35 ----------
REQUEST URI : /admin/index.php?route=setting/store/insert&amp;token=0441521fd58f6d1610ed222d4d7fbd73
MOD DETAILS:
   modFile   : /var/www/thelovestore/data/www/thelovestore.ru/vqmod/xml/store_keyword.xml
   id        : Store - Meta Keywords
   version   : 1.0
   vqmver    : 1.1.0
   author    : ovife21

File Name    : admin/view/template/setting/store_form.tpl(0)
VQModObject::applyMod - SEARCH NOT FOUND (ABORTING MOD): <td><?php echo $entry_meta_description; ?></td>

----------------------------------------------------------------------


---------- Date: 2013-12-03 22:01:29 ~ IP : 110.171.251.35 ----------
REQUEST URI : /admin/index.php?route=setting/store/insert&amp;token=0441521fd58f6d1610ed222d4d7fbd73
MOD DETAILS:
   modFile   : /var/www/thelovestore/data/www/thelovestore.ru/vqmod/xml/store_keyword.xml
   id        : Store - Meta Keywords
   version   : 1.0
   vqmver    : 1.1.0
   author    : ovife21

File Name    : admin/view/template/setting/store_form.tpl(0)
VQModObject::applyMod - SEARCH NOT FOUND (ABORTING MOD): <td><?php echo $entry_meta_description; ?></td>

----------------------------------------------------------------------


---------- Date: 2013-12-03 22:02:15 ~ IP : 110.171.251.35 ----------
REQUEST URI : /admin/index.php?route=setting/store/insert&amp;token=0441521fd58f6d1610ed222d4d7fbd73
MOD DETAILS:
   modFile   : /var/www/thelovestore/data/www/thelovestore.ru/vqmod/xml/store_keyword.xml
   id        : Store - Meta Keywords
   version   : 1.0
   vqmver    : 1.1.0
   author    : ovife21

File Name    : admin/view/template/setting/store_form.tpl(0)
VQModObject::applyMod - SEARCH NOT FOUND (ABORTING MOD): <td><?php echo $entry_meta_description; ?></td>

----------------------------------------------------------------------


---------- Date: 2013-12-03 22:05:35 ~ IP : 110.171.251.35 ----------
REQUEST URI : /admin/index.php?route=setting/store/insert&amp;token=0441521fd58f6d1610ed222d4d7fbd73
MOD DETAILS:
   modFile   : /var/www/thelovestore/data/www/thelovestore.ru/vqmod/xml/store_keyword.xml
   id        : Store - Meta Keywords
   version   : 1.0
   vqmver    : 1.1.0
   author    : ovife21

File Name    : admin/view/template/setting/store_form.tpl(0)
VQModObject::applyMod - SEARCH NOT FOUND (ABORTING MOD): <td><?php echo $entry_meta_description; ?></td>

----------------------------------------------------------------------


---------- Date: 2013-12-03 22:06:15 ~ IP : 110.171.251.35 ----------
REQUEST URI : /admin/index.php?route=setting/store/insert&amp;token=0441521fd58f6d1610ed222d4d7fbd73
MOD DETAILS:
   modFile   : /var/www/thelovestore/data/www/thelovestore.ru/vqmod/xml/store_keyword.xml
   id        : Store - Meta Keywords
   version   : 1.0
   vqmver    : 1.1.0
   author    : ovife21

File Name    : admin/view/template/setting/store_form.tpl(0)
VQModObject::applyMod - SEARCH NOT FOUND (ABORTING MOD): <td><?php echo $entry_meta_description; ?></td>

----------------------------------------------------------------------


---------- Date: 2013-12-03 22:10:09 ~ IP : 110.171.251.35 ----------
REQUEST URI : /admin/index.php?route=setting/store/insert&amp;token=0441521fd58f6d1610ed222d4d7fbd73
MOD DETAILS:
   modFile   : /var/www/thelovestore/data/www/thelovestore.ru/vqmod/xml/store_keyword.xml
   id        : Store - Meta Keywords
   version   : 1.0
   vqmver    : 1.1.0
   author    : ovife21

File Name    : admin/view/template/setting/store_form.tpl(0)
VQModObject::applyMod - SEARCH NOT FOUND (ABORTING MOD): <td><?php echo $entry_meta_description; ?></td>

----------------------------------------------------------------------


---------- Date: 2013-12-03 22:11:40 ~ IP : 110.171.251.35 ----------
REQUEST URI : /admin/index.php?route=setting/setting&amp;token=0441521fd58f6d1610ed222d4d7fbd73
MOD DETAILS:
   modFile   : /var/www/thelovestore/data/www/thelovestore.ru/vqmod/xml/store_keyword.xml
   id        : Store - Meta Keywords
   version   : 1.0
   vqmver    : 1.1.0
   author    : ovife21

File Name    : admin/view/template/setting/setting.tpl(0)
VQModObject::applyMod - SEARCH NOT FOUND (ABORTING MOD): <td><?php echo $entry_meta_description; ?></td>

----------------------------------------------------------------------


---------- Date: 2013-12-03 22:13:20 ~ IP : 110.171.251.35 ----------
REQUEST URI : /admin/index.php?route=catalog/product&amp;token=0441521fd58f6d1610ed222d4d7fbd73
MOD DETAILS:
   modFile   : /var/www/thelovestore/data/www/thelovestore.ru/vqmod/xml/SEOEDITOR.xml
   id        : SEO Editor
   version   : 1.0.0
   vqmver    : 2.1.5
   author    : ovife21

File Name    : admin/view/template/common/header.tpl(0)
VQModObject::applyMod - SEARCH NOT FOUND (ABORTING MOD): <script type="text/javascript" src="view/javascript/jquery/jquery
MOD DETAILS:
   modFile   : /var/www/thelovestore/data/www/thelovestore.ru/vqmod/xml/admin_notification.xml
   id        : Admin Panel Notication
   version   : 1.0
   vqmver    : 1.0.8
   author    : Patrick - CakeDeliver.com

File Name    : admin/view/template/common/header.tpl(1)
VQModObject::applyMod - SEARCH NOT FOUND (ABORTING MOD): <li id="store"><a class="top" href="<?php echo $logout; ?>"><?php echo $text_logout; ?></a></li>

----------------------------------------------------------------------


---------- Date: 2013-12-03 22:13:25 ~ IP : 110.171.251.35 ----------
REQUEST URI : /admin/index.php?route=catalog/product/update&amp;token=0441521fd58f6d1610ed222d4d7fbd73&amp;product_id=3711
MOD DETAILS:
   modFile   : /var/www/thelovestore/data/www/thelovestore.ru/vqmod/xml/ML_seo_keywords.xml
   id        : Multi Language SEO Keywords
   version   : 1.0.0
   vqmver    : 2.1.5
   author    : ovife21

File Name    : admin/view/template/catalog/product_form.tpl(0)
VQModObject::applyMod - SEARCH NOT FOUND (ABORTING MOD): <input type="text" name="keyword" value="<?php echo $keyword; ?>" class="form-control input-sm">

MOD DETAILS:
   modFile   : /var/www/thelovestore/data/www/thelovestore.ru/vqmod/xml/custom_title.xml
   id        : Custom titles
   version   : 1.0.0
   vqmver    : 2.1.5
   author    : ovife21

File Name    : admin/view/template/catalog/product_form.tpl(0)
VQModObject::applyMod - SEARCH NOT FOUND (ABORTING MOD): <td><?php echo $entry_meta_description; ?></td>

----------------------------------------------------------------------


---------- Date: 2013-12-03 22:23:39 ~ IP : 110.171.251.35 ----------
REQUEST URI : /admin/index.php?route=catalog/product/update&amp;token=0441521fd58f6d1610ed222d4d7fbd73&amp;product_id=3711
MOD DETAILS:
   modFile   : /var/www/thelovestore/data/www/thelovestore.ru/vqmod/xml/ML_seo_keywords.xml
   id        : Multi Language SEO Keywords
   version   : 1.0.0
   vqmver    : 2.1.5
   author    : ovife21

File Name    : admin/view/template/catalog/product_form.tpl(0)
VQModObject::applyMod - SEARCH NOT FOUND (ABORTING MOD): <input type="text" name="keyword" value="<?php echo $keyword; ?>" class="form-control input-sm">

MOD DETAILS:
   modFile   : /var/www/thelovestore/data/www/thelovestore.ru/vqmod/xml/custom_title.xml
   id        : Custom titles
   version   : 1.0.0
   vqmver    : 2.1.5
   author    : ovife21

File Name    : admin/view/template/catalog/product_form.tpl(0)
VQModObject::applyMod - SEARCH NOT FOUND (ABORTING MOD): <td><?php echo $entry_meta_description; ?></td>

----------------------------------------------------------------------


---------- Date: 2013-12-03 22:24:07 ~ IP : 110.171.251.35 ----------
REQUEST URI : /admin/index.php?route=catalog/product/update&amp;token=0441521fd58f6d1610ed222d4d7fbd73&amp;product_id=3711
MOD DETAILS:
   modFile   : /var/www/thelovestore/data/www/thelovestore.ru/vqmod/xml/ML_seo_keywords.xml
   id        : Multi Language SEO Keywords
   version   : 1.0.0
   vqmver    : 2.1.5
   author    : ovife21

File Name    : admin/view/template/catalog/product_form.tpl(0)
VQModObject::applyMod - SEARCH NOT FOUND (ABORTING MOD): <input type="text" name="keyword" value="<?php echo $keyword; ?>" class="form-control input-sm">

MOD DETAILS:
   modFile   : /var/www/thelovestore/data/www/thelovestore.ru/vqmod/xml/custom_title.xml
   id        : Custom titles
   version   : 1.0.0
   vqmver    : 2.1.5
   author    : ovife21

File Name    : admin/view/template/catalog/product_form.tpl(0)
VQModObject::applyMod - SEARCH NOT FOUND (ABORTING MOD): <td><?php echo $entry_meta_description; ?></td>

----------------------------------------------------------------------


---------- Date: 2013-12-03 22:25:31 ~ IP : 110.171.251.35 ----------
REQUEST URI : /admin/index.php?route=catalog/product/update&amp;token=0441521fd58f6d1610ed222d4d7fbd73&amp;product_id=3711
MOD DETAILS:
   modFile   : /var/www/thelovestore/data/www/thelovestore.ru/vqmod/xml/ML_seo_keywords.xml
   id        : Multi Language SEO Keywords
   version   : 1.0.0
   vqmver    : 2.1.5
   author    : ovife21

File Name    : admin/view/template/catalog/product_form.tpl(0)
VQModObject::applyMod - SEARCH NOT FOUND (ABORTING MOD): <input type="text" name="keyword" value="<?php echo $keyword; ?>" class="form-control input-sm">

MOD DETAILS:
   modFile   : /var/www/thelovestore/data/www/thelovestore.ru/vqmod/xml/custom_title.xml
   id        : Custom titles
   version   : 1.0.0
   vqmver    : 2.1.5
   author    : ovife21

File Name    : admin/view/template/catalog/product_form.tpl(0)
VQModObject::applyMod - SEARCH NOT FOUND (ABORTING MOD): <td><?php echo $entry_meta_description; ?></td>

----------------------------------------------------------------------


---------- Date: 2013-12-03 22:27:36 ~ IP : 110.171.251.35 ----------
REQUEST URI : /admin/index.php?route=catalog/product/update&amp;token=0441521fd58f6d1610ed222d4d7fbd73&amp;product_id=3711
MOD DETAILS:
   modFile   : /var/www/thelovestore/data/www/thelovestore.ru/vqmod/xml/ML_seo_keywords.xml
   id        : Multi Language SEO Keywords
   version   : 1.0.0
   vqmver    : 2.1.5
   author    : ovife21

File Name    : admin/view/template/catalog/product_form.tpl(0)
VQModObject::applyMod - SEARCH NOT FOUND (ABORTING MOD): <input type="text" name="keyword" value="<?php echo $keyword; ?>" class="form-control input-sm">

MOD DETAILS:
   modFile   : /var/www/thelovestore/data/www/thelovestore.ru/vqmod/xml/custom_title.xml
   id        : Custom titles
   version   : 1.0.0
   vqmver    : 2.1.5
   author    : ovife21

File Name    : admin/view/template/catalog/product_form.tpl(0)
VQModObject::applyMod - SEARCH NOT FOUND (ABORTING MOD): <td><?php echo $entry_meta_description; ?></td>

----------------------------------------------------------------------


---------- Date: 2013-12-03 22:50:59 ~ IP : 110.171.251.35 ----------
REQUEST URI : /admin/index.php?route=catalog/product/update&amp;token=0441521fd58f6d1610ed222d4d7fbd73&amp;product_id=3711
MOD DETAILS:
   modFile   : /var/www/thelovestore/data/www/thelovestore.ru/vqmod/xml/ML_seo_keywords.xml
   id        : Multi Language SEO Keywords
   version   : 1.0.0
   vqmver    : 2.1.5
   author    : ovife21

File Name    : admin/view/template/catalog/product_form.tpl(0)
VQModObject::applyMod - SEARCH NOT FOUND (ABORTING MOD): <input type="text" name="keyword" value="<?php echo $keyword; ?>" class="form-control input-sm">

MOD DETAILS:
   modFile   : /var/www/thelovestore/data/www/thelovestore.ru/vqmod/xml/custom_title.xml
   id        : Custom titles
   version   : 1.0.0
   vqmver    : 2.1.5
   author    : ovife21

File Name    : admin/view/template/catalog/product_form.tpl(0)
VQModObject::applyMod - SEARCH NOT FOUND (ABORTING MOD): <td><?php echo $entry_meta_description; ?></td>

----------------------------------------------------------------------


---------- Date: 2013-12-03 22:50:59 ~ IP : 110.171.251.35 ----------
REQUEST URI : /admin/index.php?route=catalog/product/update&amp;token=0441521fd58f6d1610ed222d4d7fbd73&amp;product_id=3711
MOD DETAILS:
   modFile   : /var/www/thelovestore/data/www/thelovestore.ru/vqmod/xml/ML_seo_keywords.xml
   id        : Multi Language SEO Keywords
   version   : 1.0.0
   vqmver    : 2.1.5
   author    : ovife21

File Name    : admin/view/template/catalog/product_form.tpl(0)
VQModObject::applyMod - SEARCH NOT FOUND (ABORTING MOD): <input type="text" name="keyword" value="<?php echo $keyword; ?>" class="form-control input-sm">

MOD DETAILS:
   modFile   : /var/www/thelovestore/data/www/thelovestore.ru/vqmod/xml/custom_title.xml
   id        : Custom titles
   version   : 1.0.0
   vqmver    : 2.1.5
   author    : ovife21

File Name    : admin/view/template/catalog/product_form.tpl(0)
VQModObject::applyMod - SEARCH NOT FOUND (ABORTING MOD): <td><?php echo $entry_meta_description; ?></td>

----------------------------------------------------------------------


---------- Date: 2013-12-03 22:59:13 ~ IP : 110.171.251.35 ----------
REQUEST URI : /admin/index.php?route=catalog/product/update&amp;token=0441521fd58f6d1610ed222d4d7fbd73&amp;product_id=3711
MOD DETAILS:
   modFile   : /var/www/thelovestore/data/www/thelovestore.ru/vqmod/xml/SEOEDITOR.xml
   id        : SEO Editor
   version   : 1.0.0
   vqmver    : 2.1.5
   author    : ovife21

File Name    : admin/view/template/common/header.tpl(0)
VQModObject::applyMod - SEARCH NOT FOUND (ABORTING MOD): <script type="text/javascript" src="view/javascript/jquery/jquery
MOD DETAILS:
   modFile   : /var/www/thelovestore/data/www/thelovestore.ru/vqmod/xml/admin_notification.xml
   id        : Admin Panel Notication
   version   : 1.0
   vqmver    : 1.0.8
   author    : Patrick - CakeDeliver.com

File Name    : admin/view/template/common/header.tpl(1)
VQModObject::applyMod - SEARCH NOT FOUND (ABORTING MOD): <li id="store"><a class="top" href="<?php echo $logout; ?>"><?php echo $text_logout; ?></a></li>

MOD DETAILS:
   modFile   : /var/www/thelovestore/data/www/thelovestore.ru/vqmod/xml/ML_seo_keywords.xml
   id        : Multi Language SEO Keywords
   version   : 1.0.0
   vqmver    : 2.1.5
   author    : ovife21

File Name    : admin/view/template/catalog/product_form.tpl(0)
VQModObject::applyMod - SEARCH NOT FOUND (ABORTING MOD): <input type="text" name="keyword" value="<?php echo $keyword; ?>" class="form-control input-sm">

MOD DETAILS:
   modFile   : /var/www/thelovestore/data/www/thelovestore.ru/vqmod/xml/custom_title.xml
   id        : Custom titles
   version   : 1.0.0
   vqmver    : 2.1.5
   author    : ovife21

File Name    : admin/view/template/catalog/product_form.tpl(0)
VQModObject::applyMod - SEARCH NOT FOUND (ABORTING MOD): <td><?php echo $entry_meta_description; ?></td>

----------------------------------------------------------------------


---------- Date: 2013-12-03 23:01:16 ~ IP : 110.171.251.35 ----------
REQUEST URI : /admin/index.php?route=catalog/product/update&amp;token=0441521fd58f6d1610ed222d4d7fbd73&amp;product_id=3711
MOD DETAILS:
   modFile   : /var/www/thelovestore/data/www/thelovestore.ru/vqmod/xml/SEOEDITOR.xml
   id        : SEO Editor
   version   : 1.0.0
   vqmver    : 2.1.5
   author    : ovife21

File Name    : admin/view/template/common/header.tpl(0)
VQModObject::applyMod - SEARCH NOT FOUND (ABORTING MOD): <script type="text/javascript" src="view/javascript/jquery/jquery
MOD DETAILS:
   modFile   : /var/www/thelovestore/data/www/thelovestore.ru/vqmod/xml/admin_notification.xml
   id        : Admin Panel Notication
   version   : 1.0
   vqmver    : 1.0.8
   author    : Patrick - CakeDeliver.com

File Name    : admin/view/template/common/header.tpl(1)
VQModObject::applyMod - SEARCH NOT FOUND (ABORTING MOD): <li id="store"><a class="top" href="<?php echo $logout; ?>"><?php echo $text_logout; ?></a></li>

MOD DETAILS:
   modFile   : /var/www/thelovestore/data/www/thelovestore.ru/vqmod/xml/ML_seo_keywords.xml
   id        : Multi Language SEO Keywords
   version   : 1.0.0
   vqmver    : 2.1.5
   author    : ovife21

File Name    : admin/view/template/catalog/product_form.tpl(0)
VQModObject::applyMod - SEARCH NOT FOUND (ABORTING MOD): <input type="text" name="keyword" value="<?php echo $keyword; ?>" class="form-control input-sm">

MOD DETAILS:
   modFile   : /var/www/thelovestore/data/www/thelovestore.ru/vqmod/xml/custom_title.xml
   id        : Custom titles
   version   : 1.0.0
   vqmver    : 2.1.5
   author    : ovife21

File Name    : admin/view/template/catalog/product_form.tpl(0)
VQModObject::applyMod - SEARCH NOT FOUND (ABORTING MOD): <td><?php echo $entry_meta_description; ?></td>

----------------------------------------------------------------------


---------- Date: 2013-12-03 23:02:36 ~ IP : 110.171.251.35 ----------
REQUEST URI : /admin/index.php?route=catalog/product/update&amp;token=0441521fd58f6d1610ed222d4d7fbd73&amp;product_id=3711
MOD DETAILS:
   modFile   : /var/www/thelovestore/data/www/thelovestore.ru/vqmod/xml/SEOEDITOR.xml
   id        : SEO Editor
   version   : 1.0.0
   vqmver    : 2.1.5
   author    : ovife21

File Name    : admin/view/template/common/header.tpl(0)
VQModObject::applyMod - SEARCH NOT FOUND (ABORTING MOD): <script type="text/javascript" src="view/javascript/jquery/jquery
MOD DETAILS:
   modFile   : /var/www/thelovestore/data/www/thelovestore.ru/vqmod/xml/admin_notification.xml
   id        : Admin Panel Notication
   version   : 1.0
   vqmver    : 1.0.8
   author    : Patrick - CakeDeliver.com

File Name    : admin/view/template/common/header.tpl(1)
VQModObject::applyMod - SEARCH NOT FOUND (ABORTING MOD): <li id="store"><a class="top" href="<?php echo $logout; ?>"><?php echo $text_logout; ?></a></li>

MOD DETAILS:
   modFile   : /var/www/thelovestore/data/www/thelovestore.ru/vqmod/xml/ML_seo_keywords.xml
   id        : Multi Language SEO Keywords
   version   : 1.0.0
   vqmver    : 2.1.5
   author    : ovife21

File Name    : admin/view/template/catalog/product_form.tpl(0)
VQModObject::applyMod - SEARCH NOT FOUND (ABORTING MOD): <input type="text" name="keyword" value="<?php echo $keyword; ?>" class="form-control input-sm">

MOD DETAILS:
   modFile   : /var/www/thelovestore/data/www/thelovestore.ru/vqmod/xml/custom_title.xml
   id        : Custom titles
   version   : 1.0.0
   vqmver    : 2.1.5
   author    : ovife21

File Name    : admin/view/template/catalog/product_form.tpl(0)
VQModObject::applyMod - SEARCH NOT FOUND (ABORTING MOD): <td><?php echo $entry_meta_description; ?></td>

----------------------------------------------------------------------


---------- Date: 2013-12-03 23:03:44 ~ IP : 110.171.251.35 ----------
REQUEST URI : /admin/index.php?route=catalog/product/update&amp;token=0441521fd58f6d1610ed222d4d7fbd73&amp;product_id=3711
MOD DETAILS:
   modFile   : /var/www/thelovestore/data/www/thelovestore.ru/vqmod/xml/SEOEDITOR.xml
   id        : SEO Editor
   version   : 1.0.0
   vqmver    : 2.1.5
   author    : ovife21

File Name    : admin/view/template/common/header.tpl(0)
VQModObject::applyMod - SEARCH NOT FOUND (ABORTING MOD): <script type="text/javascript" src="view/javascript/jquery/jquery
MOD DETAILS:
   modFile   : /var/www/thelovestore/data/www/thelovestore.ru/vqmod/xml/admin_notification.xml
   id        : Admin Panel Notication
   version   : 1.0
   vqmver    : 1.0.8
   author    : Patrick - CakeDeliver.com

File Name    : admin/view/template/common/header.tpl(1)
VQModObject::applyMod - SEARCH NOT FOUND (ABORTING MOD): <li id="store"><a class="top" href="<?php echo $logout; ?>"><?php echo $text_logout; ?></a></li>

MOD DETAILS:
   modFile   : /var/www/thelovestore/data/www/thelovestore.ru/vqmod/xml/ML_seo_keywords.xml
   id        : Multi Language SEO Keywords
   version   : 1.0.0
   vqmver    : 2.1.5
   author    : ovife21

File Name    : admin/view/template/catalog/product_form.tpl(0)
VQModObject::applyMod - SEARCH NOT FOUND (ABORTING MOD): <input type="text" name="keyword" value="<?php echo $keyword; ?>" class="form-control input-sm">

MOD DETAILS:
   modFile   : /var/www/thelovestore/data/www/thelovestore.ru/vqmod/xml/custom_title.xml
   id        : Custom titles
   version   : 1.0.0
   vqmver    : 2.1.5
   author    : ovife21

File Name    : admin/view/template/catalog/product_form.tpl(0)
VQModObject::applyMod - SEARCH NOT FOUND (ABORTING MOD): <td><?php echo $entry_meta_description; ?></td>

----------------------------------------------------------------------


---------- Date: 2013-12-03 23:03:52 ~ IP : 110.171.251.35 ----------
REQUEST URI : /admin/index.php?route=catalog/product/update&amp;token=0441521fd58f6d1610ed222d4d7fbd73&amp;product_id=3711
MOD DETAILS:
   modFile   : /var/www/thelovestore/data/www/thelovestore.ru/vqmod/xml/ML_seo_keywords.xml
   id        : Multi Language SEO Keywords
   version   : 1.0.0
   vqmver    : 2.1.5
   author    : ovife21

File Name    : admin/view/template/catalog/product_form.tpl(0)
VQModObject::applyMod - SEARCH NOT FOUND (ABORTING MOD): <input type="text" name="keyword" value="<?php echo $keyword; ?>" class="form-control input-sm">

MOD DETAILS:
   modFile   : /var/www/thelovestore/data/www/thelovestore.ru/vqmod/xml/custom_title.xml
   id        : Custom titles
   version   : 1.0.0
   vqmver    : 2.1.5
   author    : ovife21

File Name    : admin/view/template/catalog/product_form.tpl(0)
VQModObject::applyMod - SEARCH NOT FOUND (ABORTING MOD): <td><?php echo $entry_meta_description; ?></td>

----------------------------------------------------------------------


---------- Date: 2013-12-03 23:05:24 ~ IP : 110.171.251.35 ----------
REQUEST URI : /admin/index.php?route=catalog/product/update&amp;token=0441521fd58f6d1610ed222d4d7fbd73&amp;product_id=3711
MOD DETAILS:
   modFile   : /var/www/thelovestore/data/www/thelovestore.ru/vqmod/xml/SEOEDITOR.xml
   id        : SEO Editor
   version   : 1.0.0
   vqmver    : 2.1.5
   author    : ovife21

File Name    : admin/view/template/common/header.tpl(0)
VQModObject::applyMod - SEARCH NOT FOUND (ABORTING MOD): <script type="text/javascript" src="view/javascript/jquery/jquery
MOD DETAILS:
   modFile   : /var/www/thelovestore/data/www/thelovestore.ru/vqmod/xml/admin_notification.xml
   id        : Admin Panel Notication
   version   : 1.0
   vqmver    : 1.0.8
   author    : Patrick - CakeDeliver.com

File Name    : admin/view/template/common/header.tpl(1)
VQModObject::applyMod - SEARCH NOT FOUND (ABORTING MOD): <li id="store"><a class="top" href="<?php echo $logout; ?>"><?php echo $text_logout; ?></a></li>

MOD DETAILS:
   modFile   : /var/www/thelovestore/data/www/thelovestore.ru/vqmod/xml/ML_seo_keywords.xml
   id        : Multi Language SEO Keywords
   version   : 1.0.0
   vqmver    : 2.1.5
   author    : ovife21

File Name    : admin/view/template/catalog/product_form.tpl(0)
VQModObject::applyMod - SEARCH NOT FOUND (ABORTING MOD): <input type="text" name="keyword" value="<?php echo $keyword; ?>" class="form-control input-sm">

MOD DETAILS:
   modFile   : /var/www/thelovestore/data/www/thelovestore.ru/vqmod/xml/custom_title.xml
   id        : Custom titles
   version   : 1.0.0
   vqmver    : 2.1.5
   author    : ovife21

File Name    : admin/view/template/catalog/product_form.tpl(0)
VQModObject::applyMod - SEARCH NOT FOUND (ABORTING MOD): <td><?php echo $entry_meta_description; ?></td>

----------------------------------------------------------------------


---------- Date: 2013-12-03 23:05:27 ~ IP : 110.171.251.35 ----------
REQUEST URI : /admin/index.php?route=catalog/product/update&amp;token=0441521fd58f6d1610ed222d4d7fbd73&amp;product_id=3711
MOD DETAILS:
   modFile   : /var/www/thelovestore/data/www/thelovestore.ru/vqmod/xml/ML_seo_keywords.xml
   id        : Multi Language SEO Keywords
   version   : 1.0.0
   vqmver    : 2.1.5
   author    : ovife21

File Name    : admin/view/template/catalog/product_form.tpl(0)
VQModObject::applyMod - SEARCH NOT FOUND (ABORTING MOD): <input type="text" name="keyword" value="<?php echo $keyword; ?>" class="form-control input-sm">

MOD DETAILS:
   modFile   : /var/www/thelovestore/data/www/thelovestore.ru/vqmod/xml/custom_title.xml
   id        : Custom titles
   version   : 1.0.0
   vqmver    : 2.1.5
   author    : ovife21

File Name    : admin/view/template/catalog/product_form.tpl(0)
VQModObject::applyMod - SEARCH NOT FOUND (ABORTING MOD): <td><?php echo $entry_meta_description; ?></td>

----------------------------------------------------------------------


---------- Date: 2013-12-03 23:06:04 ~ IP : 110.171.251.35 ----------
REQUEST URI : /admin/index.php?route=catalog/product/update&amp;token=0441521fd58f6d1610ed222d4d7fbd73&amp;product_id=3711
MOD DETAILS:
   modFile   : /var/www/thelovestore/data/www/thelovestore.ru/vqmod/xml/SEOEDITOR.xml
   id        : SEO Editor
   version   : 1.0.0
   vqmver    : 2.1.5
   author    : ovife21

File Name    : admin/view/template/common/header.tpl(0)
VQModObject::applyMod - SEARCH NOT FOUND (ABORTING MOD): <script type="text/javascript" src="view/javascript/jquery/jquery
MOD DETAILS:
   modFile   : /var/www/thelovestore/data/www/thelovestore.ru/vqmod/xml/admin_notification.xml
   id        : Admin Panel Notication
   version   : 1.0
   vqmver    : 1.0.8
   author    : Patrick - CakeDeliver.com

File Name    : admin/view/template/common/header.tpl(1)
VQModObject::applyMod - SEARCH NOT FOUND (ABORTING MOD): <li id="store"><a class="top" href="<?php echo $logout; ?>"><?php echo $text_logout; ?></a></li>

MOD DETAILS:
   modFile   : /var/www/thelovestore/data/www/thelovestore.ru/vqmod/xml/ML_seo_keywords.xml
   id        : Multi Language SEO Keywords
   version   : 1.0.0
   vqmver    : 2.1.5
   author    : ovife21

File Name    : admin/view/template/catalog/product_form.tpl(0)
VQModObject::applyMod - SEARCH NOT FOUND (ABORTING MOD): <input type="text" name="keyword" value="<?php echo $keyword; ?>" class="form-control input-sm">

MOD DETAILS:
   modFile   : /var/www/thelovestore/data/www/thelovestore.ru/vqmod/xml/custom_title.xml
   id        : Custom titles
   version   : 1.0.0
   vqmver    : 2.1.5
   author    : ovife21

File Name    : admin/view/template/catalog/product_form.tpl(0)
VQModObject::applyMod - SEARCH NOT FOUND (ABORTING MOD): <td><?php echo $entry_meta_description; ?></td>

----------------------------------------------------------------------


---------- Date: 2013-12-03 23:06:07 ~ IP : 110.171.251.35 ----------
REQUEST URI : /admin/index.php?route=catalog/product/update&amp;token=0441521fd58f6d1610ed222d4d7fbd73&amp;product_id=3711
MOD DETAILS:
   modFile   : /var/www/thelovestore/data/www/thelovestore.ru/vqmod/xml/ML_seo_keywords.xml
   id        : Multi Language SEO Keywords
   version   : 1.0.0
   vqmver    : 2.1.5
   author    : ovife21

File Name    : admin/view/template/catalog/product_form.tpl(0)
VQModObject::applyMod - SEARCH NOT FOUND (ABORTING MOD): <input type="text" name="keyword" value="<?php echo $keyword; ?>" class="form-control input-sm">

MOD DETAILS:
   modFile   : /var/www/thelovestore/data/www/thelovestore.ru/vqmod/xml/custom_title.xml
   id        : Custom titles
   version   : 1.0.0
   vqmver    : 2.1.5
   author    : ovife21

File Name    : admin/view/template/catalog/product_form.tpl(0)
VQModObject::applyMod - SEARCH NOT FOUND (ABORTING MOD): <td><?php echo $entry_meta_description; ?></td>

----------------------------------------------------------------------


---------- Date: 2013-12-03 23:06:43 ~ IP : 110.171.251.35 ----------
REQUEST URI : /admin/index.php?route=catalog/product/update&amp;token=0441521fd58f6d1610ed222d4d7fbd73&amp;product_id=3711
MOD DETAILS:
   modFile   : /var/www/thelovestore/data/www/thelovestore.ru/vqmod/xml/SEOEDITOR.xml
   id        : SEO Editor
   version   : 1.0.0
   vqmver    : 2.1.5
   author    : ovife21

File Name    : admin/view/template/common/header.tpl(0)
VQModObject::applyMod - SEARCH NOT FOUND (ABORTING MOD): <script type="text/javascript" src="view/javascript/jquery/jquery
MOD DETAILS:
   modFile   : /var/www/thelovestore/data/www/thelovestore.ru/vqmod/xml/admin_notification.xml
   id        : Admin Panel Notication
   version   : 1.0
   vqmver    : 1.0.8
   author    : Patrick - CakeDeliver.com

File Name    : admin/view/template/common/header.tpl(1)
VQModObject::applyMod - SEARCH NOT FOUND (ABORTING MOD): <li id="store"><a class="top" href="<?php echo $logout; ?>"><?php echo $text_logout; ?></a></li>

MOD DETAILS:
   modFile   : /var/www/thelovestore/data/www/thelovestore.ru/vqmod/xml/ML_seo_keywords.xml
   id        : Multi Language SEO Keywords
   version   : 1.0.0
   vqmver    : 2.1.5
   author    : ovife21

File Name    : admin/view/template/catalog/product_form.tpl(0)
VQModObject::applyMod - SEARCH NOT FOUND (ABORTING MOD): <input type="text" name="keyword" value="<?php echo $keyword; ?>" class="form-control input-sm">

MOD DETAILS:
   modFile   : /var/www/thelovestore/data/www/thelovestore.ru/vqmod/xml/custom_title.xml
   id        : Custom titles
   version   : 1.0.0
   vqmver    : 2.1.5
   author    : ovife21

File Name    : admin/view/template/catalog/product_form.tpl(0)
VQModObject::applyMod - SEARCH NOT FOUND (ABORTING MOD): <td><?php echo $entry_meta_description; ?></td>

----------------------------------------------------------------------


---------- Date: 2013-12-03 23:07:42 ~ IP : 110.171.251.35 ----------
REQUEST URI : /admin/index.php?route=catalog/product/update&amp;token=0441521fd58f6d1610ed222d4d7fbd73&amp;product_id=3711
MOD DETAILS:
   modFile   : /var/www/thelovestore/data/www/thelovestore.ru/vqmod/xml/ML_seo_keywords.xml
   id        : Multi Language SEO Keywords
   version   : 1.0.0
   vqmver    : 2.1.5
   author    : ovife21

File Name    : admin/view/template/catalog/product_form.tpl(0)
VQModObject::applyMod - SEARCH NOT FOUND (ABORTING MOD): <input type="text" name="keyword" value="<?php echo $keyword; ?>" class="form-control input-sm">

MOD DETAILS:
   modFile   : /var/www/thelovestore/data/www/thelovestore.ru/vqmod/xml/custom_title.xml
   id        : Custom titles
   version   : 1.0.0
   vqmver    : 2.1.5
   author    : ovife21

File Name    : admin/view/template/catalog/product_form.tpl(0)
VQModObject::applyMod - SEARCH NOT FOUND (ABORTING MOD): <td><?php echo $entry_meta_description; ?></td>

----------------------------------------------------------------------


---------- Date: 2013-12-03 23:11:28 ~ IP : 110.171.251.35 ----------
REQUEST URI : /admin/index.php?route=catalog/product/update&amp;token=0441521fd58f6d1610ed222d4d7fbd73&amp;product_id=3711
MOD DETAILS:
   modFile   : /var/www/thelovestore/data/www/thelovestore.ru/vqmod/xml/SEOEDITOR.xml
   id        : SEO Editor
   version   : 1.0.0
   vqmver    : 2.1.5
   author    : ovife21

File Name    : admin/view/template/common/header.tpl(0)
VQModObject::applyMod - SEARCH NOT FOUND (ABORTING MOD): <script type="text/javascript" src="view/javascript/jquery/jquery
MOD DETAILS:
   modFile   : /var/www/thelovestore/data/www/thelovestore.ru/vqmod/xml/admin_notification.xml
   id        : Admin Panel Notication
   version   : 1.0
   vqmver    : 1.0.8
   author    : Patrick - CakeDeliver.com

File Name    : admin/view/template/common/header.tpl(1)
VQModObject::applyMod - SEARCH NOT FOUND (ABORTING MOD): <li id="store"><a class="top" href="<?php echo $logout; ?>"><?php echo $text_logout; ?></a></li>

MOD DETAILS:
   modFile   : /var/www/thelovestore/data/www/thelovestore.ru/vqmod/xml/ML_seo_keywords.xml
   id        : Multi Language SEO Keywords
   version   : 1.0.0
   vqmver    : 2.1.5
   author    : ovife21

File Name    : admin/view/template/catalog/product_form.tpl(0)
VQModObject::applyMod - SEARCH NOT FOUND (ABORTING MOD): <input type="text" name="keyword" value="<?php echo $keyword; ?>" class="form-control input-sm">

MOD DETAILS:
   modFile   : /var/www/thelovestore/data/www/thelovestore.ru/vqmod/xml/custom_title.xml
   id        : Custom titles
   version   : 1.0.0
   vqmver    : 2.1.5
   author    : ovife21

File Name    : admin/view/template/catalog/product_form.tpl(0)
VQModObject::applyMod - SEARCH NOT FOUND (ABORTING MOD): <td><?php echo $entry_meta_description; ?></td>

----------------------------------------------------------------------


---------- Date: 2013-12-03 23:13:38 ~ IP : 110.171.251.35 ----------
REQUEST URI : /admin/index.php?route=catalog/product/update&amp;token=0441521fd58f6d1610ed222d4d7fbd73&amp;product_id=3711
MOD DETAILS:
   modFile   : /var/www/thelovestore/data/www/thelovestore.ru/vqmod/xml/SEOEDITOR.xml
   id        : SEO Editor
   version   : 1.0.0
   vqmver    : 2.1.5
   author    : ovife21

File Name    : admin/view/template/common/header.tpl(0)
VQModObject::applyMod - SEARCH NOT FOUND (ABORTING MOD): <script type="text/javascript" src="view/javascript/jquery/jquery
MOD DETAILS:
   modFile   : /var/www/thelovestore/data/www/thelovestore.ru/vqmod/xml/admin_notification.xml
   id        : Admin Panel Notication
   version   : 1.0
   vqmver    : 1.0.8
   author    : Patrick - CakeDeliver.com

File Name    : admin/view/template/common/header.tpl(1)
VQModObject::applyMod - SEARCH NOT FOUND (ABORTING MOD): <li id="store"><a class="top" href="<?php echo $logout; ?>"><?php echo $text_logout; ?></a></li>

MOD DETAILS:
   modFile   : /var/www/thelovestore/data/www/thelovestore.ru/vqmod/xml/ML_seo_keywords.xml
   id        : Multi Language SEO Keywords
   version   : 1.0.0
   vqmver    : 2.1.5
   author    : ovife21

File Name    : admin/view/template/catalog/product_form.tpl(0)
VQModObject::applyMod - SEARCH NOT FOUND (ABORTING MOD): <input type="text" name="keyword" value="<?php echo $keyword; ?>" class="form-control input-sm">

MOD DETAILS:
   modFile   : /var/www/thelovestore/data/www/thelovestore.ru/vqmod/xml/custom_title.xml
   id        : Custom titles
   version   : 1.0.0
   vqmver    : 2.1.5
   author    : ovife21

File Name    : admin/view/template/catalog/product_form.tpl(0)
VQModObject::applyMod - SEARCH NOT FOUND (ABORTING MOD): <td><?php echo $entry_meta_description; ?></td>

----------------------------------------------------------------------


---------- Date: 2013-12-03 23:14:01 ~ IP : 110.171.251.35 ----------
REQUEST URI : /admin/index.php?route=catalog/product/update&amp;token=0441521fd58f6d1610ed222d4d7fbd73&amp;product_id=3711
MOD DETAILS:
   modFile   : /var/www/thelovestore/data/www/thelovestore.ru/vqmod/xml/SEOEDITOR.xml
   id        : SEO Editor
   version   : 1.0.0
   vqmver    : 2.1.5
   author    : ovife21

File Name    : admin/view/template/common/header.tpl(0)
VQModObject::applyMod - SEARCH NOT FOUND (ABORTING MOD): <script type="text/javascript" src="view/javascript/jquery/jquery
MOD DETAILS:
   modFile   : /var/www/thelovestore/data/www/thelovestore.ru/vqmod/xml/admin_notification.xml
   id        : Admin Panel Notication
   version   : 1.0
   vqmver    : 1.0.8
   author    : Patrick - CakeDeliver.com

File Name    : admin/view/template/common/header.tpl(1)
VQModObject::applyMod - SEARCH NOT FOUND (ABORTING MOD): <li id="store"><a class="top" href="<?php echo $logout; ?>"><?php echo $text_logout; ?></a></li>

MOD DETAILS:
   modFile   : /var/www/thelovestore/data/www/thelovestore.ru/vqmod/xml/ML_seo_keywords.xml
   id        : Multi Language SEO Keywords
   version   : 1.0.0
   vqmver    : 2.1.5
   author    : ovife21

File Name    : admin/view/template/catalog/product_form.tpl(0)
VQModObject::applyMod - SEARCH NOT FOUND (ABORTING MOD): <input type="text" name="keyword" value="<?php echo $keyword; ?>" class="form-control input-sm">

MOD DETAILS:
   modFile   : /var/www/thelovestore/data/www/thelovestore.ru/vqmod/xml/custom_title.xml
   id        : Custom titles
   version   : 1.0.0
   vqmver    : 2.1.5
   author    : ovife21

File Name    : admin/view/template/catalog/product_form.tpl(0)
VQModObject::applyMod - SEARCH NOT FOUND (ABORTING MOD): <td><?php echo $entry_meta_description; ?></td>

----------------------------------------------------------------------


---------- Date: 2013-12-03 23:14:18 ~ IP : 110.171.251.35 ----------
REQUEST URI : /admin/index.php?route=catalog/product/update&amp;token=0441521fd58f6d1610ed222d4d7fbd73&amp;product_id=3711
MOD DETAILS:
   modFile   : /var/www/thelovestore/data/www/thelovestore.ru/vqmod/xml/SEOEDITOR.xml
   id        : SEO Editor
   version   : 1.0.0
   vqmver    : 2.1.5
   author    : ovife21

File Name    : admin/view/template/common/header.tpl(0)
VQModObject::applyMod - SEARCH NOT FOUND (ABORTING MOD): <script type="text/javascript" src="view/javascript/jquery/jquery
MOD DETAILS:
   modFile   : /var/www/thelovestore/data/www/thelovestore.ru/vqmod/xml/admin_notification.xml
   id        : Admin Panel Notication
   version   : 1.0
   vqmver    : 1.0.8
   author    : Patrick - CakeDeliver.com

File Name    : admin/view/template/common/header.tpl(1)
VQModObject::applyMod - SEARCH NOT FOUND (ABORTING MOD): <li id="store"><a class="top" href="<?php echo $logout; ?>"><?php echo $text_logout; ?></a></li>

MOD DETAILS:
   modFile   : /var/www/thelovestore/data/www/thelovestore.ru/vqmod/xml/ML_seo_keywords.xml
   id        : Multi Language SEO Keywords
   version   : 1.0.0
   vqmver    : 2.1.5
   author    : ovife21

File Name    : admin/view/template/catalog/product_form.tpl(0)
VQModObject::applyMod - SEARCH NOT FOUND (ABORTING MOD): <input type="text" name="keyword" value="<?php echo $keyword; ?>" class="form-control input-sm">

MOD DETAILS:
   modFile   : /var/www/thelovestore/data/www/thelovestore.ru/vqmod/xml/custom_title.xml
   id        : Custom titles
   version   : 1.0.0
   vqmver    : 2.1.5
   author    : ovife21

File Name    : admin/view/template/catalog/product_form.tpl(0)
VQModObject::applyMod - SEARCH NOT FOUND (ABORTING MOD): <td><?php echo $entry_meta_description; ?></td>

----------------------------------------------------------------------


---------- Date: 2013-12-03 23:21:28 ~ IP : 110.171.251.35 ----------
REQUEST URI : /admin/index.php?route=catalog/product/update&amp;token=0441521fd58f6d1610ed222d4d7fbd73&amp;product_id=3711
MOD DETAILS:
   modFile   : /var/www/thelovestore/data/www/thelovestore.ru/vqmod/xml/ML_seo_keywords.xml
   id        : Multi Language SEO Keywords
   version   : 1.0.0
   vqmver    : 2.1.5
   author    : ovife21

File Name    : admin/view/template/catalog/product_form.tpl(0)
VQModObject::applyMod - SEARCH NOT FOUND (ABORTING MOD): <input type="text" name="keyword" value="<?php echo $keyword; ?>" class="form-control input-sm">

MOD DETAILS:
   modFile   : /var/www/thelovestore/data/www/thelovestore.ru/vqmod/xml/custom_title.xml
   id        : Custom titles
   version   : 1.0.0
   vqmver    : 2.1.5
   author    : ovife21

File Name    : admin/view/template/catalog/product_form.tpl(0)
VQModObject::applyMod - SEARCH NOT FOUND (ABORTING MOD): <td><?php echo $entry_meta_description; ?></td>

----------------------------------------------------------------------


---------- Date: 2013-12-03 23:24:03 ~ IP : 110.171.251.35 ----------
REQUEST URI : /admin/index.php?route=catalog/product/update&amp;token=0441521fd58f6d1610ed222d4d7fbd73&amp;product_id=3711
MOD DETAILS:
   modFile   : /var/www/thelovestore/data/www/thelovestore.ru/vqmod/xml/ML_seo_keywords.xml
   id        : Multi Language SEO Keywords
   version   : 1.0.0
   vqmver    : 2.1.5
   author    : ovife21

File Name    : admin/view/template/catalog/product_form.tpl(0)
VQModObject::applyMod - SEARCH NOT FOUND (ABORTING MOD): <input type="text" name="keyword" value="<?php echo $keyword; ?>" class="form-control input-sm">

MOD DETAILS:
   modFile   : /var/www/thelovestore/data/www/thelovestore.ru/vqmod/xml/custom_title.xml
   id        : Custom titles
   version   : 1.0.0
   vqmver    : 2.1.5
   author    : ovife21

File Name    : admin/view/template/catalog/product_form.tpl(0)
VQModObject::applyMod - SEARCH NOT FOUND (ABORTING MOD): <td><?php echo $entry_meta_description; ?></td>

----------------------------------------------------------------------


---------- Date: 2013-12-03 23:28:00 ~ IP : 110.171.251.35 ----------
REQUEST URI : /admin/index.php?route=catalog/product/update&amp;token=0441521fd58f6d1610ed222d4d7fbd73&amp;product_id=3711
MOD DETAILS:
   modFile   : /var/www/thelovestore/data/www/thelovestore.ru/vqmod/xml/ML_seo_keywords.xml
   id        : Multi Language SEO Keywords
   version   : 1.0.0
   vqmver    : 2.1.5
   author    : ovife21

File Name    : admin/view/template/catalog/product_form.tpl(0)
VQModObject::applyMod - SEARCH NOT FOUND (ABORTING MOD): <input type="text" name="keyword" value="<?php echo $keyword; ?>" class="form-control input-sm">

MOD DETAILS:
   modFile   : /var/www/thelovestore/data/www/thelovestore.ru/vqmod/xml/custom_title.xml
   id        : Custom titles
   version   : 1.0.0
   vqmver    : 2.1.5
   author    : ovife21

File Name    : admin/view/template/catalog/product_form.tpl(0)
VQModObject::applyMod - SEARCH NOT FOUND (ABORTING MOD): <td><?php echo $entry_meta_description; ?></td>

----------------------------------------------------------------------


---------- Date: 2013-12-03 23:33:27 ~ IP : 110.171.251.35 ----------
REQUEST URI : /admin/index.php?route=catalog/product/update&amp;token=0441521fd58f6d1610ed222d4d7fbd73&amp;product_id=3711
MOD DETAILS:
   modFile   : /var/www/thelovestore/data/www/thelovestore.ru/vqmod/xml/ML_seo_keywords.xml
   id        : Multi Language SEO Keywords
   version   : 1.0.0
   vqmver    : 2.1.5
   author    : ovife21

File Name    : admin/view/template/catalog/product_form.tpl(0)
VQModObject::applyMod - SEARCH NOT FOUND (ABORTING MOD): <input type="text" name="keyword" value="<?php echo $keyword; ?>" class="form-control input-sm">

MOD DETAILS:
   modFile   : /var/www/thelovestore/data/www/thelovestore.ru/vqmod/xml/custom_title.xml
   id        : Custom titles
   version   : 1.0.0
   vqmver    : 2.1.5
   author    : ovife21

File Name    : admin/view/template/catalog/product_form.tpl(0)
VQModObject::applyMod - SEARCH NOT FOUND (ABORTING MOD): <td><?php echo $entry_meta_description; ?></td>

----------------------------------------------------------------------


---------- Date: 2013-12-03 23:33:54 ~ IP : 110.171.251.35 ----------
REQUEST URI : /admin/index.php?route=catalog/seopack&amp;token=0441521fd58f6d1610ed222d4d7fbd73
MOD DETAILS:
   modFile   : /var/www/thelovestore/data/www/thelovestore.ru/vqmod/xml/custom_title.xml
   id        : Custom titles
   version   : 1.0.0
   vqmver    : 2.1.5
   author    : ovife21

File Name    : admin/view/template/catalog/seopack.tpl(0)
VQModObject::applyMod - SEARCH NOT FOUND (ABORTING MOD): <p><a onclick="clearseo('Products Tags', '<?php echo $cleartags; ?>');" class="button" style="background:red">Clear Tags</a></p>

----------------------------------------------------------------------


---------- Date: 2013-12-03 23:35:03 ~ IP : 110.171.251.35 ----------
REQUEST URI : /admin/index.php?route=catalog/product/update&amp;token=0441521fd58f6d1610ed222d4d7fbd73&amp;product_id=394
MOD DETAILS:
   modFile   : /var/www/thelovestore/data/www/thelovestore.ru/vqmod/xml/ML_seo_keywords.xml
   id        : Multi Language SEO Keywords
   version   : 1.0.0
   vqmver    : 2.1.5
   author    : ovife21

File Name    : admin/view/template/catalog/product_form.tpl(0)
VQModObject::applyMod - SEARCH NOT FOUND (ABORTING MOD): <input type="text" name="keyword" value="<?php echo $keyword; ?>" class="form-control input-sm">

MOD DETAILS:
   modFile   : /var/www/thelovestore/data/www/thelovestore.ru/vqmod/xml/custom_title.xml
   id        : Custom titles
   version   : 1.0.0
   vqmver    : 2.1.5
   author    : ovife21

File Name    : admin/view/template/catalog/product_form.tpl(0)
VQModObject::applyMod - SEARCH NOT FOUND (ABORTING MOD): <td><?php echo $entry_meta_description; ?></td>

----------------------------------------------------------------------


