---------- Date: 2013-12-04 00:43:15 ~ IP : 110.171.251.35 ----------
REQUEST URI : /admin/index.php?route=catalog/product/update&amp;token=0441521fd58f6d1610ed222d4d7fbd73&amp;product_id=394
MOD DETAILS:
   modFile   : /var/www/thelovestore/data/www/thelovestore.ru/vqmod/xml/ML_seo_keywords.xml
   id        : Multi Language SEO Keywords
   version   : 1.0.0
   vqmver    : 2.1.5
   author    : ovife21

File Name    : admin/view/template/catalog/product_form.tpl(0)
VQModObject::applyMod - SEARCH NOT FOUND (ABORTING MOD): <input type="text" name="keyword" value="<?php echo $keyword; ?>" class="form-control input-sm">

MOD DETAILS:
   modFile   : /var/www/thelovestore/data/www/thelovestore.ru/vqmod/xml/custom_title.xml
   id        : Custom titles
   version   : 1.0.0
   vqmver    : 2.1.5
   author    : ovife21

File Name    : admin/view/template/catalog/product_form.tpl(0)
VQModObject::applyMod - SEARCH NOT FOUND (ABORTING MOD): <td><?php echo $entry_meta_description; ?></td>

----------------------------------------------------------------------


---------- Date: 2013-12-04 00:44:06 ~ IP : 110.171.251.35 ----------
REQUEST URI : /admin/index.php?route=catalog/product/update&amp;token=0441521fd58f6d1610ed222d4d7fbd73&amp;product_id=394
MOD DETAILS:
   modFile   : /var/www/thelovestore/data/www/thelovestore.ru/vqmod/xml/ML_seo_keywords.xml
   id        : Multi Language SEO Keywords
   version   : 1.0.0
   vqmver    : 2.1.5
   author    : ovife21

File Name    : admin/view/template/catalog/product_form.tpl(0)
VQModObject::applyMod - SEARCH NOT FOUND (ABORTING MOD): <input type="text" name="keyword" value="<?php echo $keyword; ?>" class="form-control input-sm">

MOD DETAILS:
   modFile   : /var/www/thelovestore/data/www/thelovestore.ru/vqmod/xml/custom_title.xml
   id        : Custom titles
   version   : 1.0.0
   vqmver    : 2.1.5
   author    : ovife21

File Name    : admin/view/template/catalog/product_form.tpl(0)
VQModObject::applyMod - SEARCH NOT FOUND (ABORTING MOD): <td><?php echo $entry_meta_description; ?></td>

----------------------------------------------------------------------


---------- Date: 2013-12-04 00:44:28 ~ IP : 110.171.251.35 ----------
REQUEST URI : /admin/index.php?route=catalog/product/update&amp;token=0441521fd58f6d1610ed222d4d7fbd73&amp;product_id=394
MOD DETAILS:
   modFile   : /var/www/thelovestore/data/www/thelovestore.ru/vqmod/xml/ML_seo_keywords.xml
   id        : Multi Language SEO Keywords
   version   : 1.0.0
   vqmver    : 2.1.5
   author    : ovife21

File Name    : admin/view/template/catalog/product_form.tpl(0)
VQModObject::applyMod - SEARCH NOT FOUND (ABORTING MOD): <input type="text" name="keyword" value="<?php echo $keyword; ?>" class="form-control input-sm">

MOD DETAILS:
   modFile   : /var/www/thelovestore/data/www/thelovestore.ru/vqmod/xml/custom_title.xml
   id        : Custom titles
   version   : 1.0.0
   vqmver    : 2.1.5
   author    : ovife21

File Name    : admin/view/template/catalog/product_form.tpl(0)
VQModObject::applyMod - SEARCH NOT FOUND (ABORTING MOD): <td><?php echo $entry_meta_description; ?></td>

----------------------------------------------------------------------


---------- Date: 2013-12-04 00:45:30 ~ IP : 110.171.251.35 ----------
REQUEST URI : /admin/index.php?route=catalog/product/update&amp;token=0441521fd58f6d1610ed222d4d7fbd73&amp;product_id=394
MOD DETAILS:
   modFile   : /var/www/thelovestore/data/www/thelovestore.ru/vqmod/xml/ML_seo_keywords.xml
   id        : Multi Language SEO Keywords
   version   : 1.0.0
   vqmver    : 2.1.5
   author    : ovife21

File Name    : admin/view/template/catalog/product_form.tpl(0)
VQModObject::applyMod - SEARCH NOT FOUND (ABORTING MOD): <input type="text" name="keyword" value="<?php echo $keyword; ?>" class="form-control input-sm">

MOD DETAILS:
   modFile   : /var/www/thelovestore/data/www/thelovestore.ru/vqmod/xml/custom_title.xml
   id        : Custom titles
   version   : 1.0.0
   vqmver    : 2.1.5
   author    : ovife21

File Name    : admin/view/template/catalog/product_form.tpl(0)
VQModObject::applyMod - SEARCH NOT FOUND (ABORTING MOD): <td><?php echo $entry_meta_description; ?></td>

----------------------------------------------------------------------


---------- Date: 2013-12-04 00:48:06 ~ IP : 110.171.251.35 ----------
REQUEST URI : /admin/index.php?route=catalog/product/update&amp;token=0441521fd58f6d1610ed222d4d7fbd73&amp;product_id=394
MOD DETAILS:
   modFile   : /var/www/thelovestore/data/www/thelovestore.ru/vqmod/xml/ML_seo_keywords.xml
   id        : Multi Language SEO Keywords
   version   : 1.0.0
   vqmver    : 2.1.5
   author    : ovife21

File Name    : admin/view/template/catalog/product_form.tpl(0)
VQModObject::applyMod - SEARCH NOT FOUND (ABORTING MOD): <input type="text" name="keyword" value="<?php echo $keyword; ?>" class="form-control input-sm">

MOD DETAILS:
   modFile   : /var/www/thelovestore/data/www/thelovestore.ru/vqmod/xml/custom_title.xml
   id        : Custom titles
   version   : 1.0.0
   vqmver    : 2.1.5
   author    : ovife21

File Name    : admin/view/template/catalog/product_form.tpl(0)
VQModObject::applyMod - SEARCH NOT FOUND (ABORTING MOD): <td><?php echo $entry_meta_description; ?></td>

----------------------------------------------------------------------


---------- Date: 2013-12-04 00:48:32 ~ IP : 110.171.251.35 ----------
REQUEST URI : /admin/index.php?route=catalog/product/update&amp;token=0441521fd58f6d1610ed222d4d7fbd73&amp;product_id=394
MOD DETAILS:
   modFile   : /var/www/thelovestore/data/www/thelovestore.ru/vqmod/xml/ML_seo_keywords.xml
   id        : Multi Language SEO Keywords
   version   : 1.0.0
   vqmver    : 2.1.5
   author    : ovife21

File Name    : admin/view/template/catalog/product_form.tpl(0)
VQModObject::applyMod - SEARCH NOT FOUND (ABORTING MOD): <input type="text" name="keyword" value="<?php echo $keyword; ?>" class="form-control input-sm">

MOD DETAILS:
   modFile   : /var/www/thelovestore/data/www/thelovestore.ru/vqmod/xml/custom_title.xml
   id        : Custom titles
   version   : 1.0.0
   vqmver    : 2.1.5
   author    : ovife21

File Name    : admin/view/template/catalog/product_form.tpl(0)
VQModObject::applyMod - SEARCH NOT FOUND (ABORTING MOD): <td><?php echo $entry_meta_description; ?></td>

----------------------------------------------------------------------


---------- Date: 2013-12-04 00:49:44 ~ IP : 110.171.251.35 ----------
REQUEST URI : /admin/index.php?route=catalog/product/update&amp;token=0441521fd58f6d1610ed222d4d7fbd73&amp;product_id=394
MOD DETAILS:
   modFile   : /var/www/thelovestore/data/www/thelovestore.ru/vqmod/xml/ML_seo_keywords.xml
   id        : Multi Language SEO Keywords
   version   : 1.0.0
   vqmver    : 2.1.5
   author    : ovife21

File Name    : admin/view/template/catalog/product_form.tpl(0)
VQModObject::applyMod - SEARCH NOT FOUND (ABORTING MOD): <input type="text" name="keyword" value="<?php echo $keyword; ?>" class="form-control input-sm">

MOD DETAILS:
   modFile   : /var/www/thelovestore/data/www/thelovestore.ru/vqmod/xml/custom_title.xml
   id        : Custom titles
   version   : 1.0.0
   vqmver    : 2.1.5
   author    : ovife21

File Name    : admin/view/template/catalog/product_form.tpl(0)
VQModObject::applyMod - SEARCH NOT FOUND (ABORTING MOD): <td><?php echo $entry_meta_description; ?></td>

----------------------------------------------------------------------


---------- Date: 2013-12-04 00:49:48 ~ IP : 110.171.251.35 ----------
REQUEST URI : /admin/index.php?route=catalog/product/update&amp;token=0441521fd58f6d1610ed222d4d7fbd73&amp;product_id=394
MOD DETAILS:
   modFile   : /var/www/thelovestore/data/www/thelovestore.ru/vqmod/xml/ML_seo_keywords.xml
   id        : Multi Language SEO Keywords
   version   : 1.0.0
   vqmver    : 2.1.5
   author    : ovife21

File Name    : admin/view/template/catalog/product_form.tpl(0)
VQModObject::applyMod - SEARCH NOT FOUND (ABORTING MOD): <input type="text" name="keyword" value="<?php echo $keyword; ?>" class="form-control input-sm">

MOD DETAILS:
   modFile   : /var/www/thelovestore/data/www/thelovestore.ru/vqmod/xml/custom_title.xml
   id        : Custom titles
   version   : 1.0.0
   vqmver    : 2.1.5
   author    : ovife21

File Name    : admin/view/template/catalog/product_form.tpl(0)
VQModObject::applyMod - SEARCH NOT FOUND (ABORTING MOD): <td><?php echo $entry_meta_description; ?></td>

----------------------------------------------------------------------


---------- Date: 2013-12-04 00:50:43 ~ IP : 110.171.251.35 ----------
REQUEST URI : /admin/index.php?route=catalog/product/update&amp;token=0441521fd58f6d1610ed222d4d7fbd73&amp;product_id=394
MOD DETAILS:
   modFile   : /var/www/thelovestore/data/www/thelovestore.ru/vqmod/xml/ML_seo_keywords.xml
   id        : Multi Language SEO Keywords
   version   : 1.0.0
   vqmver    : 2.1.5
   author    : ovife21

File Name    : admin/view/template/catalog/product_form.tpl(0)
VQModObject::applyMod - SEARCH NOT FOUND (ABORTING MOD): <input type="text" name="keyword" value="<?php echo $keyword; ?>" class="form-control input-sm">

MOD DETAILS:
   modFile   : /var/www/thelovestore/data/www/thelovestore.ru/vqmod/xml/custom_title.xml
   id        : Custom titles
   version   : 1.0.0
   vqmver    : 2.1.5
   author    : ovife21

File Name    : admin/view/template/catalog/product_form.tpl(0)
VQModObject::applyMod - SEARCH NOT FOUND (ABORTING MOD): <td><?php echo $entry_meta_description; ?></td>

----------------------------------------------------------------------


---------- Date: 2013-12-04 00:50:47 ~ IP : 110.171.251.35 ----------
REQUEST URI : /admin/index.php?route=catalog/product/update&amp;token=0441521fd58f6d1610ed222d4d7fbd73&amp;product_id=394
MOD DETAILS:
   modFile   : /var/www/thelovestore/data/www/thelovestore.ru/vqmod/xml/ML_seo_keywords.xml
   id        : Multi Language SEO Keywords
   version   : 1.0.0
   vqmver    : 2.1.5
   author    : ovife21

File Name    : admin/view/template/catalog/product_form.tpl(0)
VQModObject::applyMod - SEARCH NOT FOUND (ABORTING MOD): <input type="text" name="keyword" value="<?php echo $keyword; ?>" class="form-control input-sm">

MOD DETAILS:
   modFile   : /var/www/thelovestore/data/www/thelovestore.ru/vqmod/xml/custom_title.xml
   id        : Custom titles
   version   : 1.0.0
   vqmver    : 2.1.5
   author    : ovife21

File Name    : admin/view/template/catalog/product_form.tpl(0)
VQModObject::applyMod - SEARCH NOT FOUND (ABORTING MOD): <td><?php echo $entry_meta_description; ?></td>

----------------------------------------------------------------------


---------- Date: 2013-12-04 00:51:19 ~ IP : 110.171.251.35 ----------
REQUEST URI : /admin/index.php?route=catalog/product/update&amp;token=0441521fd58f6d1610ed222d4d7fbd73&amp;product_id=394
MOD DETAILS:
   modFile   : /var/www/thelovestore/data/www/thelovestore.ru/vqmod/xml/ML_seo_keywords.xml
   id        : Multi Language SEO Keywords
   version   : 1.0.0
   vqmver    : 2.1.5
   author    : ovife21

File Name    : admin/view/template/catalog/product_form.tpl(0)
VQModObject::applyMod - SEARCH NOT FOUND (ABORTING MOD): <input type="text" name="keyword" value="<?php echo $keyword; ?>" class="form-control input-sm">

MOD DETAILS:
   modFile   : /var/www/thelovestore/data/www/thelovestore.ru/vqmod/xml/custom_title.xml
   id        : Custom titles
   version   : 1.0.0
   vqmver    : 2.1.5
   author    : ovife21

File Name    : admin/view/template/catalog/product_form.tpl(0)
VQModObject::applyMod - SEARCH NOT FOUND (ABORTING MOD): <td><?php echo $entry_meta_description; ?></td>

----------------------------------------------------------------------


---------- Date: 2013-12-04 00:53:40 ~ IP : 110.171.251.35 ----------
REQUEST URI : /admin/index.php?route=catalog/product/update&amp;token=0441521fd58f6d1610ed222d4d7fbd73&amp;product_id=394
MOD DETAILS:
   modFile   : /var/www/thelovestore/data/www/thelovestore.ru/vqmod/xml/ML_seo_keywords.xml
   id        : Multi Language SEO Keywords
   version   : 1.0.0
   vqmver    : 2.1.5
   author    : ovife21

File Name    : admin/view/template/catalog/product_form.tpl(0)
VQModObject::applyMod - SEARCH NOT FOUND (ABORTING MOD): <input type="text" name="keyword" value="<?php echo $keyword; ?>" class="form-control input-sm">

MOD DETAILS:
   modFile   : /var/www/thelovestore/data/www/thelovestore.ru/vqmod/xml/custom_title.xml
   id        : Custom titles
   version   : 1.0.0
   vqmver    : 2.1.5
   author    : ovife21

File Name    : admin/view/template/catalog/product_form.tpl(0)
VQModObject::applyMod - SEARCH NOT FOUND (ABORTING MOD): <td><?php echo $entry_meta_description; ?></td>

----------------------------------------------------------------------


---------- Date: 2013-12-04 00:55:54 ~ IP : 110.171.251.35 ----------
REQUEST URI : /admin/index.php?route=catalog/product/update&amp;token=0441521fd58f6d1610ed222d4d7fbd73&amp;product_id=394
MOD DETAILS:
   modFile   : /var/www/thelovestore/data/www/thelovestore.ru/vqmod/xml/ML_seo_keywords.xml
   id        : Multi Language SEO Keywords
   version   : 1.0.0
   vqmver    : 2.1.5
   author    : ovife21

File Name    : admin/view/template/catalog/product_form.tpl(0)
VQModObject::applyMod - SEARCH NOT FOUND (ABORTING MOD): <input type="text" name="keyword" value="<?php echo $keyword; ?>" class="form-control input-sm">

MOD DETAILS:
   modFile   : /var/www/thelovestore/data/www/thelovestore.ru/vqmod/xml/custom_title.xml
   id        : Custom titles
   version   : 1.0.0
   vqmver    : 2.1.5
   author    : ovife21

File Name    : admin/view/template/catalog/product_form.tpl(0)
VQModObject::applyMod - SEARCH NOT FOUND (ABORTING MOD): <td><?php echo $entry_meta_description; ?></td>

----------------------------------------------------------------------


---------- Date: 2013-12-04 00:56:02 ~ IP : 110.171.251.35 ----------
REQUEST URI : /admin/index.php?route=catalog/product/update&amp;token=0441521fd58f6d1610ed222d4d7fbd73&amp;product_id=394
MOD DETAILS:
   modFile   : /var/www/thelovestore/data/www/thelovestore.ru/vqmod/xml/ML_seo_keywords.xml
   id        : Multi Language SEO Keywords
   version   : 1.0.0
   vqmver    : 2.1.5
   author    : ovife21

File Name    : admin/view/template/catalog/product_form.tpl(0)
VQModObject::applyMod - SEARCH NOT FOUND (ABORTING MOD): <input type="text" name="keyword" value="<?php echo $keyword; ?>" class="form-control input-sm">

MOD DETAILS:
   modFile   : /var/www/thelovestore/data/www/thelovestore.ru/vqmod/xml/custom_title.xml
   id        : Custom titles
   version   : 1.0.0
   vqmver    : 2.1.5
   author    : ovife21

File Name    : admin/view/template/catalog/product_form.tpl(0)
VQModObject::applyMod - SEARCH NOT FOUND (ABORTING MOD): <td><?php echo $entry_meta_description; ?></td>

----------------------------------------------------------------------


---------- Date: 2013-12-04 00:56:28 ~ IP : 110.171.251.35 ----------
REQUEST URI : /admin/index.php?route=catalog/product/update&amp;token=0441521fd58f6d1610ed222d4d7fbd73&amp;product_id=394
MOD DETAILS:
   modFile   : /var/www/thelovestore/data/www/thelovestore.ru/vqmod/xml/ML_seo_keywords.xml
   id        : Multi Language SEO Keywords
   version   : 1.0.0
   vqmver    : 2.1.5
   author    : ovife21

File Name    : admin/view/template/catalog/product_form.tpl(0)
VQModObject::applyMod - SEARCH NOT FOUND (ABORTING MOD): <input type="text" name="keyword" value="<?php echo $keyword; ?>" class="form-control input-sm">

MOD DETAILS:
   modFile   : /var/www/thelovestore/data/www/thelovestore.ru/vqmod/xml/custom_title.xml
   id        : Custom titles
   version   : 1.0.0
   vqmver    : 2.1.5
   author    : ovife21

File Name    : admin/view/template/catalog/product_form.tpl(0)
VQModObject::applyMod - SEARCH NOT FOUND (ABORTING MOD): <td><?php echo $entry_meta_description; ?></td>

----------------------------------------------------------------------


---------- Date: 2013-12-04 00:57:03 ~ IP : 110.171.251.35 ----------
REQUEST URI : /admin/index.php?route=catalog/product/update&amp;token=0441521fd58f6d1610ed222d4d7fbd73&amp;product_id=394
MOD DETAILS:
   modFile   : /var/www/thelovestore/data/www/thelovestore.ru/vqmod/xml/ML_seo_keywords.xml
   id        : Multi Language SEO Keywords
   version   : 1.0.0
   vqmver    : 2.1.5
   author    : ovife21

File Name    : admin/view/template/catalog/product_form.tpl(0)
VQModObject::applyMod - SEARCH NOT FOUND (ABORTING MOD): <input type="text" name="keyword" value="<?php echo $keyword; ?>" class="form-control input-sm">

MOD DETAILS:
   modFile   : /var/www/thelovestore/data/www/thelovestore.ru/vqmod/xml/custom_title.xml
   id        : Custom titles
   version   : 1.0.0
   vqmver    : 2.1.5
   author    : ovife21

File Name    : admin/view/template/catalog/product_form.tpl(0)
VQModObject::applyMod - SEARCH NOT FOUND (ABORTING MOD): <td><?php echo $entry_meta_description; ?></td>

----------------------------------------------------------------------


---------- Date: 2013-12-04 01:02:34 ~ IP : 110.171.251.35 ----------
REQUEST URI : /admin/index.php?route=catalog/product/update&amp;token=0441521fd58f6d1610ed222d4d7fbd73&amp;product_id=3796
MOD DETAILS:
   modFile   : /var/www/thelovestore/data/www/thelovestore.ru/vqmod/xml/ML_seo_keywords.xml
   id        : Multi Language SEO Keywords
   version   : 1.0.0
   vqmver    : 2.1.5
   author    : ovife21

File Name    : admin/view/template/catalog/product_form.tpl(0)
VQModObject::applyMod - SEARCH NOT FOUND (ABORTING MOD): <input type="text" name="keyword" value="<?php echo $keyword; ?>" class="form-control input-sm">

MOD DETAILS:
   modFile   : /var/www/thelovestore/data/www/thelovestore.ru/vqmod/xml/custom_title.xml
   id        : Custom titles
   version   : 1.0.0
   vqmver    : 2.1.5
   author    : ovife21

File Name    : admin/view/template/catalog/product_form.tpl(0)
VQModObject::applyMod - SEARCH NOT FOUND (ABORTING MOD): <td><?php echo $entry_meta_description; ?></td>

----------------------------------------------------------------------


---------- Date: 2013-12-04 01:05:55 ~ IP : 110.171.251.35 ----------
REQUEST URI : /admin/index.php?route=catalog/product/update&amp;token=0441521fd58f6d1610ed222d4d7fbd73&amp;product_id=3796
MOD DETAILS:
   modFile   : /var/www/thelovestore/data/www/thelovestore.ru/vqmod/xml/SEOEDITOR.xml
   id        : SEO Editor
   version   : 1.0.0
   vqmver    : 2.1.5
   author    : ovife21

File Name    : admin/view/template/common/header.tpl(0)
VQModObject::applyMod - SEARCH NOT FOUND (ABORTING MOD): <script type="text/javascript" src="view/javascript/jquery/jquery
MOD DETAILS:
   modFile   : /var/www/thelovestore/data/www/thelovestore.ru/vqmod/xml/admin_notification.xml
   id        : Admin Panel Notication
   version   : 1.0
   vqmver    : 1.0.8
   author    : Patrick - CakeDeliver.com

File Name    : admin/view/template/common/header.tpl(1)
VQModObject::applyMod - SEARCH NOT FOUND (ABORTING MOD): <li id="store"><a class="top" href="<?php echo $logout; ?>"><?php echo $text_logout; ?></a></li>

MOD DETAILS:
   modFile   : /var/www/thelovestore/data/www/thelovestore.ru/vqmod/xml/ML_seo_keywords.xml
   id        : Multi Language SEO Keywords
   version   : 1.0.0
   vqmver    : 2.1.5
   author    : ovife21

File Name    : admin/view/template/catalog/product_form.tpl(0)
VQModObject::applyMod - SEARCH NOT FOUND (ABORTING MOD): <input type="text" name="keyword" value="<?php echo $keyword; ?>" class="form-control input-sm">

MOD DETAILS:
   modFile   : /var/www/thelovestore/data/www/thelovestore.ru/vqmod/xml/custom_title.xml
   id        : Custom titles
   version   : 1.0.0
   vqmver    : 2.1.5
   author    : ovife21

File Name    : admin/view/template/catalog/product_form.tpl(0)
VQModObject::applyMod - SEARCH NOT FOUND (ABORTING MOD): <td><?php echo $entry_meta_description; ?></td>

----------------------------------------------------------------------


---------- Date: 2013-12-04 01:08:42 ~ IP : 110.171.251.35 ----------
REQUEST URI : /admin/index.php?route=catalog/product/update&amp;token=0441521fd58f6d1610ed222d4d7fbd73&amp;product_id=3796
MOD DETAILS:
   modFile   : /var/www/thelovestore/data/www/thelovestore.ru/vqmod/xml/SEOEDITOR.xml
   id        : SEO Editor
   version   : 1.0.0
   vqmver    : 2.1.5
   author    : ovife21

File Name    : admin/view/template/common/header.tpl(0)
VQModObject::applyMod - SEARCH NOT FOUND (ABORTING MOD): <script type="text/javascript" src="view/javascript/jquery/jquery
MOD DETAILS:
   modFile   : /var/www/thelovestore/data/www/thelovestore.ru/vqmod/xml/admin_notification.xml
   id        : Admin Panel Notication
   version   : 1.0
   vqmver    : 1.0.8
   author    : Patrick - CakeDeliver.com

File Name    : admin/view/template/common/header.tpl(1)
VQModObject::applyMod - SEARCH NOT FOUND (ABORTING MOD): <li id="store"><a class="top" href="<?php echo $logout; ?>"><?php echo $text_logout; ?></a></li>

MOD DETAILS:
   modFile   : /var/www/thelovestore/data/www/thelovestore.ru/vqmod/xml/custom_title.xml
   id        : Custom titles
   version   : 1.0.0
   vqmver    : 2.1.5
   author    : ovife21

File Name    : admin/view/template/catalog/product_form.tpl(0)
VQModObject::applyMod - SEARCH NOT FOUND (ABORTING MOD): <td><?php echo $entry_meta_description; ?></td>

----------------------------------------------------------------------


---------- Date: 2013-12-04 01:13:13 ~ IP : 110.171.251.35 ----------
REQUEST URI : /admin/index.php?route=catalog/category&amp;token=0441521fd58f6d1610ed222d4d7fbd73
MOD DETAILS:
   modFile   : /var/www/thelovestore/data/www/thelovestore.ru/vqmod/xml/SEOEDITOR.xml
   id        : SEO Editor
   version   : 1.0.0
   vqmver    : 2.1.5
   author    : ovife21

File Name    : admin/view/template/common/header.tpl(0)
VQModObject::applyMod - SEARCH NOT FOUND (ABORTING MOD): <script type="text/javascript" src="view/javascript/jquery/jquery
MOD DETAILS:
   modFile   : /var/www/thelovestore/data/www/thelovestore.ru/vqmod/xml/admin_notification.xml
   id        : Admin Panel Notication
   version   : 1.0
   vqmver    : 1.0.8
   author    : Patrick - CakeDeliver.com

File Name    : admin/view/template/common/header.tpl(1)
VQModObject::applyMod - SEARCH NOT FOUND (ABORTING MOD): <li id="store"><a class="top" href="<?php echo $logout; ?>"><?php echo $text_logout; ?></a></li>

----------------------------------------------------------------------


---------- Date: 2013-12-04 01:13:16 ~ IP : 110.171.251.35 ----------
REQUEST URI : /admin/index.php?route=catalog/category/update&amp;token=0441521fd58f6d1610ed222d4d7fbd73&amp;category_id=261
MOD DETAILS:
   modFile   : /var/www/thelovestore/data/www/thelovestore.ru/vqmod/xml/ML_seo_keywords.xml
   id        : Multi Language SEO Keywords
   version   : 1.0.0
   vqmver    : 2.1.5
   author    : ovife21

File Name    : admin/view/template/catalog/category_form.tpl(0)
VQModObject::applyMod - SEARCH NOT FOUND (ABORTING MOD): <input type="text" name="keyword" value="<?php echo $keyword; ?>" id="input-keyword" class="form-control input-sm">

MOD DETAILS:
   modFile   : /var/www/thelovestore/data/www/thelovestore.ru/vqmod/xml/custom_title.xml
   id        : Custom titles
   version   : 1.0.0
   vqmver    : 2.1.5
   author    : ovife21

File Name    : admin/view/template/catalog/category_form.tpl(0)
VQModObject::applyMod - SEARCH NOT FOUND (ABORTING MOD): <td><?php echo $entry_meta_description; ?></td>

----------------------------------------------------------------------


---------- Date: 2013-12-04 01:22:31 ~ IP : 110.171.251.35 ----------
REQUEST URI : /admin/index.php?route=catalog/category/update&amp;token=0441521fd58f6d1610ed222d4d7fbd73&amp;category_id=261
MOD DETAILS:
   modFile   : /var/www/thelovestore/data/www/thelovestore.ru/vqmod/xml/SEOEDITOR.xml
   id        : SEO Editor
   version   : 1.0.0
   vqmver    : 2.1.5
   author    : ovife21

File Name    : admin/view/template/common/header.tpl(0)
VQModObject::applyMod - SEARCH NOT FOUND (ABORTING MOD): <script type="text/javascript" src="view/javascript/jquery/jquery
MOD DETAILS:
   modFile   : /var/www/thelovestore/data/www/thelovestore.ru/vqmod/xml/admin_notification.xml
   id        : Admin Panel Notication
   version   : 1.0
   vqmver    : 1.0.8
   author    : Patrick - CakeDeliver.com

File Name    : admin/view/template/common/header.tpl(1)
VQModObject::applyMod - SEARCH NOT FOUND (ABORTING MOD): <li id="store"><a class="top" href="<?php echo $logout; ?>"><?php echo $text_logout; ?></a></li>

MOD DETAILS:
   modFile   : /var/www/thelovestore/data/www/thelovestore.ru/vqmod/xml/custom_title.xml
   id        : Custom titles
   version   : 1.0.0
   vqmver    : 2.1.5
   author    : ovife21

File Name    : admin/view/template/catalog/category_form.tpl(0)
VQModObject::applyMod - SEARCH NOT FOUND (ABORTING MOD): <td><?php echo $entry_meta_description; ?></td>

----------------------------------------------------------------------


---------- Date: 2013-12-04 01:27:21 ~ IP : 110.171.251.35 ----------
REQUEST URI : /admin/index.php?route=catalog/category/update&amp;token=0441521fd58f6d1610ed222d4d7fbd73&amp;category_id=261
MOD DETAILS:
   modFile   : /var/www/thelovestore/data/www/thelovestore.ru/vqmod/xml/SEOEDITOR.xml
   id        : SEO Editor
   version   : 1.0.0
   vqmver    : 2.1.5
   author    : ovife21

File Name    : admin/view/template/common/header.tpl(0)
VQModObject::applyMod - SEARCH NOT FOUND (ABORTING MOD): <script type="text/javascript" src="view/javascript/jquery/jquery
MOD DETAILS:
   modFile   : /var/www/thelovestore/data/www/thelovestore.ru/vqmod/xml/admin_notification.xml
   id        : Admin Panel Notication
   version   : 1.0
   vqmver    : 1.0.8
   author    : Patrick - CakeDeliver.com

File Name    : admin/view/template/common/header.tpl(1)
VQModObject::applyMod - SEARCH NOT FOUND (ABORTING MOD): <li id="store"><a class="top" href="<?php echo $logout; ?>"><?php echo $text_logout; ?></a></li>

MOD DETAILS:
   modFile   : /var/www/thelovestore/data/www/thelovestore.ru/vqmod/xml/custom_title.xml
   id        : Custom titles
   version   : 1.0.0
   vqmver    : 2.1.5
   author    : ovife21

File Name    : admin/view/template/catalog/category_form.tpl(0)
VQModObject::applyMod - SEARCH NOT FOUND (ABORTING MOD): <td><?php echo $entry_meta_description; ?></td>

----------------------------------------------------------------------


---------- Date: 2013-12-04 01:29:02 ~ IP : 110.171.251.35 ----------
REQUEST URI : /admin/index.php?route=catalog/category/update&amp;token=0441521fd58f6d1610ed222d4d7fbd73&amp;category_id=261
MOD DETAILS:
   modFile   : /var/www/thelovestore/data/www/thelovestore.ru/vqmod/xml/custom_title.xml
   id        : Custom titles
   version   : 1.0.0
   vqmver    : 2.1.5
   author    : ovife21

File Name    : admin/view/template/catalog/category_form.tpl(0)
VQModObject::applyMod - SEARCH NOT FOUND (ABORTING MOD): <td><?php echo $entry_meta_description; ?></td>

----------------------------------------------------------------------


---------- Date: 2013-12-04 01:29:16 ~ IP : 110.171.251.35 ----------
REQUEST URI : /admin/index.php?route=catalog/manufacturer/update&amp;token=0441521fd58f6d1610ed222d4d7fbd73&amp;manufacturer_id=88
MOD DETAILS:
   modFile   : /var/www/thelovestore/data/www/thelovestore.ru/vqmod/xml/brands_meta.xml
   id        : Brands - Extra
   version   : 1.0.0
   vqmver    : 2.1.5
   author    : ovife21

File Name    : admin/view/template/catalog/manufacturer_form.tpl(0)
VQModObject::applyMod - SEARCH NOT FOUND (ABORTING MOD): <a href="#tab-general"><?php echo $tab_general; ?></a>
----------------------------------------------------------------------


---------- Date: 2013-12-04 01:29:42 ~ IP : 110.171.251.35 ----------
REQUEST URI : /admin/index.php?route=catalog/manufacturer/update&amp;token=0441521fd58f6d1610ed222d4d7fbd73&amp;manufacturer_id=88
MOD DETAILS:
   modFile   : /var/www/thelovestore/data/www/thelovestore.ru/vqmod/xml/brands_meta.xml
   id        : Brands - Extra
   version   : 1.0.0
   vqmver    : 2.1.5
   author    : ovife21

File Name    : admin/view/template/catalog/manufacturer_form.tpl(0)
VQModObject::applyMod - SEARCH NOT FOUND (ABORTING MOD): <a href="#tab-general"><?php echo $tab_general; ?></a>
----------------------------------------------------------------------


---------- Date: 2013-12-04 01:33:47 ~ IP : 110.171.251.35 ----------
REQUEST URI : /admin/index.php?route=catalog/information&amp;token=0441521fd58f6d1610ed222d4d7fbd73
MOD DETAILS:
   modFile   : /var/www/thelovestore/data/www/thelovestore.ru/vqmod/xml/SEOEDITOR.xml
   id        : SEO Editor
   version   : 1.0.0
   vqmver    : 2.1.5
   author    : ovife21

File Name    : admin/view/template/common/header.tpl(0)
VQModObject::applyMod - SEARCH NOT FOUND (ABORTING MOD): <script type="text/javascript" src="view/javascript/jquery/jquery
MOD DETAILS:
   modFile   : /var/www/thelovestore/data/www/thelovestore.ru/vqmod/xml/admin_notification.xml
   id        : Admin Panel Notication
   version   : 1.0
   vqmver    : 1.0.8
   author    : Patrick - CakeDeliver.com

File Name    : admin/view/template/common/header.tpl(1)
VQModObject::applyMod - SEARCH NOT FOUND (ABORTING MOD): <li id="store"><a class="top" href="<?php echo $logout; ?>"><?php echo $text_logout; ?></a></li>

----------------------------------------------------------------------


---------- Date: 2013-12-04 01:33:49 ~ IP : 110.171.251.35 ----------
REQUEST URI : /admin/index.php?route=catalog/information/update&amp;token=0441521fd58f6d1610ed222d4d7fbd73&amp;information_id=4
MOD DETAILS:
   modFile   : /var/www/thelovestore/data/www/thelovestore.ru/vqmod/xml/custom_title.xml
   id        : Custom titles
   version   : 1.0.0
   vqmver    : 2.1.5
   author    : ovife21

File Name    : admin/view/template/catalog/information_form.tpl(0)
VQModObject::applyMod - SEARCH NOT FOUND (ABORTING MOD): <td><span class="required">*</span> <?php echo $entry_description; ?></td>

MOD DETAILS:
   modFile   : /var/www/thelovestore/data/www/thelovestore.ru/vqmod/xml/info_meta.xml
   id        : Metas for Information
   version   : 1.0.0
   vqmver    : 2.1.5
   author    : ovife21

File Name    : admin/view/template/catalog/information_form.tpl(0)
VQModObject::applyMod - SEARCH NOT FOUND (ABORTING MOD): <td><span class="required">*</span> <?php echo $entry_description; ?></td>

----------------------------------------------------------------------


---------- Date: 2013-12-04 01:36:39 ~ IP : 110.171.251.35 ----------
REQUEST URI : /admin/index.php?route=catalog/information/update&amp;token=0441521fd58f6d1610ed222d4d7fbd73&amp;information_id=4
MOD DETAILS:
   modFile   : /var/www/thelovestore/data/www/thelovestore.ru/vqmod/xml/custom_title.xml
   id        : Custom titles
   version   : 1.0.0
   vqmver    : 2.1.5
   author    : ovife21

File Name    : admin/view/template/catalog/information_form.tpl(0)
VQModObject::applyMod - SEARCH NOT FOUND (ABORTING MOD): <td><span class="required">*</span> <?php echo $entry_description; ?></td>

MOD DETAILS:
   modFile   : /var/www/thelovestore/data/www/thelovestore.ru/vqmod/xml/info_meta.xml
   id        : Metas for Information
   version   : 1.0.0
   vqmver    : 2.1.5
   author    : ovife21

File Name    : admin/view/template/catalog/information_form.tpl(0)
VQModObject::applyMod - SEARCH NOT FOUND (ABORTING MOD): <td><span class="required">*</span> <?php echo $entry_description; ?></td>

----------------------------------------------------------------------


---------- Date: 2013-12-04 01:37:34 ~ IP : 110.171.251.35 ----------
REQUEST URI : /admin/index.php?route=catalog/seoeditor&amp;token=0441521fd58f6d1610ed222d4d7fbd73
MOD DETAILS:
   modFile   : /var/www/thelovestore/data/www/thelovestore.ru/vqmod/xml/custom_title.xml
   id        : Custom titles
   version   : 1.0.0
   vqmver    : 2.1.5
   author    : ovife21

File Name    : admin/view/template/catalog/seoeditor.tpl(0)
VQModObject::applyMod - SEARCH NOT FOUND (ABORTING MOD): <td class="left"  style="width:220px;"><?php if ($sort == 'meta_keyword') { ?>

----------------------------------------------------------------------


---------- Date: 2013-12-04 01:37:58 ~ IP : 110.171.251.35 ----------
REQUEST URI : /admin/index.php?route=catalog/seoeditor&amp;token=0441521fd58f6d1610ed222d4d7fbd73&amp;filter_type=undefined
MOD DETAILS:
   modFile   : /var/www/thelovestore/data/www/thelovestore.ru/vqmod/xml/custom_title.xml
   id        : Custom titles
   version   : 1.0.0
   vqmver    : 2.1.5
   author    : ovife21

File Name    : admin/view/template/catalog/seoeditor.tpl(0)
VQModObject::applyMod - SEARCH NOT FOUND (ABORTING MOD): <td class="left"  style="width:220px;"><?php if ($sort == 'meta_keyword') { ?>

----------------------------------------------------------------------


---------- Date: 2013-12-04 01:38:04 ~ IP : 110.171.251.35 ----------
REQUEST URI : /admin/index.php?route=catalog/seoeditor&amp;token=0441521fd58f6d1610ed222d4d7fbd73
MOD DETAILS:
   modFile   : /var/www/thelovestore/data/www/thelovestore.ru/vqmod/xml/custom_title.xml
   id        : Custom titles
   version   : 1.0.0
   vqmver    : 2.1.5
   author    : ovife21

File Name    : admin/view/template/catalog/seoeditor.tpl(0)
VQModObject::applyMod - SEARCH NOT FOUND (ABORTING MOD): <td class="left"  style="width:220px;"><?php if ($sort == 'meta_keyword') { ?>

----------------------------------------------------------------------


---------- Date: 2013-12-04 01:42:08 ~ IP : 110.171.251.35 ----------
REQUEST URI : /admin/index.php?route=common/home&amp;token=0441521fd58f6d1610ed222d4d7fbd73
MOD DETAILS:
   modFile   : /var/www/thelovestore/data/www/thelovestore.ru/vqmod/xml/SEOEDITOR.xml
   id        : SEO Editor
   version   : 1.0.0
   vqmver    : 2.1.5
   author    : ovife21

File Name    : admin/view/template/common/header.tpl(0)
VQModObject::applyMod - SEARCH NOT FOUND (ABORTING MOD): <script type="text/javascript" src="view/javascript/jquery/jquery
MOD DETAILS:
   modFile   : /var/www/thelovestore/data/www/thelovestore.ru/vqmod/xml/admin_notification.xml
   id        : Admin Panel Notication
   version   : 1.0
   vqmver    : 1.0.8
   author    : Patrick - CakeDeliver.com

File Name    : admin/view/template/common/header.tpl(1)
VQModObject::applyMod - SEARCH NOT FOUND (ABORTING MOD): <li id="store"><a class="top" href="<?php echo $logout; ?>"><?php echo $text_logout; ?></a></li>

----------------------------------------------------------------------


---------- Date: 2013-12-04 01:45:55 ~ IP : 110.171.251.35 ----------
REQUEST URI : /admin/index.php?route=common/home&amp;token=0441521fd58f6d1610ed222d4d7fbd73
MOD DETAILS:
   modFile   : /var/www/thelovestore/data/www/thelovestore.ru/vqmod/xml/SEOEDITOR.xml
   id        : SEO Editor
   version   : 1.0.0
   vqmver    : 2.1.5
   author    : ovife21

File Name    : admin/view/template/common/header.tpl(0)
VQModObject::applyMod - SEARCH NOT FOUND (ABORTING MOD): <script type="text/javascript" src="view/javascript/jquery/jquery
MOD DETAILS:
   modFile   : /var/www/thelovestore/data/www/thelovestore.ru/vqmod/xml/admin_notification.xml
   id        : Admin Panel Notication
   version   : 1.0
   vqmver    : 1.0.8
   author    : Patrick - CakeDeliver.com

File Name    : admin/view/template/common/header.tpl(1)
VQModObject::applyMod - SEARCH NOT FOUND (ABORTING MOD): <li id="store"><a class="top" href="<?php echo $logout; ?>"><?php echo $text_logout; ?></a></li>

----------------------------------------------------------------------


---------- Date: 2013-12-04 18:49:11 ~ IP : 110.171.251.35 ----------
REQUEST URI : /admin/index.php?route=catalog/manufacturer/update&amp;token=0441521fd58f6d1610ed222d4d7fbd73&amp;manufacturer_id=88
MOD DETAILS:
   modFile   : /var/www/thelovestore/data/www/thelovestore.ru/vqmod/xml/brands_meta.xml
   id        : Brands - Extra
   version   : 1.0.0
   vqmver    : 2.1.5
   author    : ovife21

File Name    : admin/view/template/catalog/manufacturer_form.tpl(0)
VQModObject::applyMod - SEARCH NOT FOUND (ABORTING MOD): <a href="#tab-general"><?php echo $tab_general; ?></a>
----------------------------------------------------------------------


---------- Date: 2013-12-04 18:50:19 ~ IP : 110.171.251.35 ----------
REQUEST URI : /admin/index.php?route=setting/setting&amp;token=0441521fd58f6d1610ed222d4d7fbd73
MOD DETAILS:
   modFile   : /var/www/thelovestore/data/www/thelovestore.ru/vqmod/xml/store_keyword.xml
   id        : Store - Meta Keywords
   version   : 1.0
   vqmver    : 1.1.0
   author    : ovife21

File Name    : admin/view/template/setting/setting.tpl(0)
VQModObject::applyMod - SEARCH NOT FOUND (ABORTING MOD): <td><?php echo $entry_meta_description; ?></td>

----------------------------------------------------------------------


---------- Date: 2013-12-04 18:55:31 ~ IP : 110.171.251.35 ----------
REQUEST URI : /admin/index.php?route=setting/setting&amp;token=0441521fd58f6d1610ed222d4d7fbd73
MOD DETAILS:
   modFile   : /var/www/thelovestore/data/www/thelovestore.ru/vqmod/xml/SEOEDITOR.xml
   id        : SEO Editor
   version   : 1.0.0
   vqmver    : 2.1.5
   author    : ovife21

File Name    : admin/view/template/common/header.tpl(0)
VQModObject::applyMod - SEARCH NOT FOUND (ABORTING MOD): <script type="text/javascript" src="view/javascript/jquery/jquery
MOD DETAILS:
   modFile   : /var/www/thelovestore/data/www/thelovestore.ru/vqmod/xml/admin_notification.xml
   id        : Admin Panel Notication
   version   : 1.0
   vqmver    : 1.0.8
   author    : Patrick - CakeDeliver.com

File Name    : admin/view/template/common/header.tpl(1)
VQModObject::applyMod - SEARCH NOT FOUND (ABORTING MOD): <li id="store"><a class="top" href="<?php echo $logout; ?>"><?php echo $text_logout; ?></a></li>

MOD DETAILS:
   modFile   : /var/www/thelovestore/data/www/thelovestore.ru/vqmod/xml/store_keyword.xml
   id        : Store - Meta Keywords
   version   : 1.0
   vqmver    : 1.1.0
   author    : ovife21

File Name    : admin/view/template/setting/setting.tpl(0)
VQModObject::applyMod - SEARCH NOT FOUND (ABORTING MOD): <td><?php echo $entry_meta_description; ?></td>

----------------------------------------------------------------------


---------- Date: 2013-12-04 18:57:16 ~ IP : 110.171.251.35 ----------
REQUEST URI : /admin/index.php?route=setting/setting&amp;token=0441521fd58f6d1610ed222d4d7fbd73
MOD DETAILS:
   modFile   : /var/www/thelovestore/data/www/thelovestore.ru/vqmod/xml/SEOEDITOR.xml
   id        : SEO Editor
   version   : 1.0.0
   vqmver    : 2.1.5
   author    : ovife21

File Name    : admin/view/template/common/header.tpl(0)
VQModObject::applyMod - SEARCH NOT FOUND (ABORTING MOD): <script type="text/javascript" src="view/javascript/jquery/jquery
MOD DETAILS:
   modFile   : /var/www/thelovestore/data/www/thelovestore.ru/vqmod/xml/admin_notification.xml
   id        : Admin Panel Notication
   version   : 1.0
   vqmver    : 1.0.8
   author    : Patrick - CakeDeliver.com

File Name    : admin/view/template/common/header.tpl(1)
VQModObject::applyMod - SEARCH NOT FOUND (ABORTING MOD): <li id="store"><a class="top" href="<?php echo $logout; ?>"><?php echo $text_logout; ?></a></li>

MOD DETAILS:
   modFile   : /var/www/thelovestore/data/www/thelovestore.ru/vqmod/xml/store_keyword.xml
   id        : Store - Meta Keywords
   version   : 1.0
   vqmver    : 1.1.0
   author    : ovife21

File Name    : admin/view/template/setting/setting.tpl(0)
VQModObject::applyMod - SEARCH NOT FOUND (ABORTING MOD): <td><?php echo $entry_meta_description; ?></td>

----------------------------------------------------------------------


---------- Date: 2013-12-04 19:03:41 ~ IP : 110.171.251.35 ----------
REQUEST URI : /admin/index.php?route=setting/setting&amp;token=0441521fd58f6d1610ed222d4d7fbd73
MOD DETAILS:
   modFile   : /var/www/thelovestore/data/www/thelovestore.ru/vqmod/xml/SEOEDITOR.xml
   id        : SEO Editor
   version   : 1.0.0
   vqmver    : 2.1.5
   author    : ovife21

File Name    : admin/view/template/common/header.tpl(0)
VQModObject::applyMod - SEARCH NOT FOUND (ABORTING MOD): <script type="text/javascript" src="view/javascript/jquery/jquery
MOD DETAILS:
   modFile   : /var/www/thelovestore/data/www/thelovestore.ru/vqmod/xml/admin_notification.xml
   id        : Admin Panel Notication
   version   : 1.0
   vqmver    : 1.0.8
   author    : Patrick - CakeDeliver.com

File Name    : admin/view/template/common/header.tpl(1)
VQModObject::applyMod - SEARCH NOT FOUND (ABORTING MOD): <li id="store"><a class="top" href="<?php echo $logout; ?>"><?php echo $text_logout; ?></a></li>

MOD DETAILS:
   modFile   : /var/www/thelovestore/data/www/thelovestore.ru/vqmod/xml/store_keyword.xml
   id        : Store - Meta Keywords
   version   : 1.0
   vqmver    : 1.1.0
   author    : ovife21

File Name    : admin/view/template/setting/setting.tpl(0)
VQModObject::applyMod - SEARCH NOT FOUND (ABORTING MOD): <td><?php echo $entry_meta_description; ?></td>

----------------------------------------------------------------------


---------- Date: 2013-12-04 20:49:38 ~ IP : 110.171.251.35 ----------
REQUEST URI : /admin/index.php?route=catalog/category/update&amp;token=0441521fd58f6d1610ed222d4d7fbd73&amp;category_id=261
MOD DETAILS:
   modFile   : /var/www/thelovestore/data/www/thelovestore.ru/vqmod/xml/custom_title.xml
   id        : Custom titles
   version   : 1.0.0
   vqmver    : 2.1.5
   author    : ovife21

File Name    : admin/view/template/catalog/category_form.tpl(0)
VQModObject::applyMod - SEARCH NOT FOUND (ABORTING MOD): <td><?php echo $entry_meta_description; ?></td>

----------------------------------------------------------------------


